INFO 2026-01-26 16:05:13,678 basehttp 6674 126736700270144 "OPTIONS /user/self/ HTTP/1.1" 200 0
INFO 2026-01-26 16:05:15,008 basehttp 6674 126736671946304 "GET /crop/cropClass/ HTTP/1.1" 200 443
INFO 2026-01-26 16:05:15,117 basehttp 6674 126736680339008 "GET //crop/plantArea/?crop=%E6%9E%B8%E6%9D%9E HTTP/1.1" 200 351
INFO 2026-01-26 16:05:15,181 basehttp 6674 126736700270144 "GET /crop/growth/?crop=%E6%9E%B8%E6%9D%9E HTTP/1.1" 200 1667
WARNING 2026-01-26 16:05:15,479 log 6674 126736680339008 Unauthorized: /user/self/
WARNING 2026-01-26 16:05:15,496 basehttp 6674 126736680339008 "GET /user/self/ HTTP/1.1" 401 171
INFO 2026-01-26 16:05:15,518 basehttp 6674 126736708662848 "GET //meteorology/?address=%E9%93%B6%E5%B7%9D%E5%B8%82&choose=1 HTTP/1.1" 200 154
INFO 2026-01-26 16:05:15,777 basehttp 6674 126736688731712 "GET //meteorology/?address=%E9%93%B6%E5%B7%9D%E5%B8%82&choose=2&days=7 HTTP/1.1" 200 1241
INFO 2026-01-26 16:05:16,021 basehttp 6674 126736663553600 "GET /forecast/meteorological-data/?use_future=false HTTP/1.1" 200 3590
INFO 2026-01-26 16:05:17,548 basehttp 6674 126736671946304 "GET //meteorology/?address=%E9%93%B6%E5%B7%9D,%E7%9F%B3%E5%98%B4%E5%B1%B1,%E5%9B%BA%E5%8E%9F,%E5%90%B4%E5%BF%A0,%E4%B8%AD%E5%8D%AB&choose=4 HTTP/1.1" 200 76
INFO 2026-01-26 16:15:06,724 autoreload 6674 126740693808192 /home/dx/Desktop/my_pr/myapi/myapi/settings/constants.py changed, reloading.
INFO 2026-01-26 16:15:23,491 autoreload 20613 126266166633536 Watching for file changes with StatReloader
INFO 2026-01-26 16:32:30,405 autoreload 20613 126266166633536 /home/dx/Desktop/my_pr/myapi/myapi/apps/user/urls.py changed, reloading.
INFO 2026-01-26 16:32:35,912 autoreload 22560 133956897485888 Watching for file changes with StatReloader
INFO 2026-01-26 16:32:56,739 basehttp 22560 133952912225856 "GET / HTTP/1.1" 302 0
INFO 2026-01-26 16:32:56,896 basehttp 22560 133952912225856 "GET /admin/ HTTP/1.1" 200 24261
INFO 2026-01-26 16:33:32,646 basehttp 22560 133952892294720 "GET /admin/user/user-location/ HTTP/1.1" 302 0
INFO 2026-01-26 16:33:32,693 basehttp 22560 133952892294720 "GET /admin/login/?next=/admin/user/user-location/ HTTP/1.1" 200 4151
INFO 2026-01-26 16:35:08,698 autoreload 22859 137494126269504 Watching for file changes with StatReloader
INFO 2026-01-26 16:35:36,809 basehttp 22859 137489901680192 "GET /admin/user/user-location/ HTTP/1.1" 302 0
INFO 2026-01-26 16:35:36,875 basehttp 22859 137489901680192 "GET /admin/login/?next=/admin/user/user-location/ HTTP/1.1" 200 4151
INFO 2026-01-26 16:35:57,447 basehttp 22859 137489901680192 "GET /user/user-location/ HTTP/1.1" 200 107
INFO 2026-01-26 16:36:36,279 autoreload 23035 137879499547712 Watching for file changes with StatReloader
WARNING 2026-01-26 16:40:46,637 log 23035 137875515504192 Unauthorized: /user/self/
WARNING 2026-01-26 16:40:46,638 basehttp 23035 137875515504192 "GET /user/self/ HTTP/1.1" 401 171
INFO 2026-01-26 16:40:46,879 basehttp 23035 137875404342848 "GET /crop/growth/?crop=%E6%9E%B8%E6%9D%9E HTTP/1.1" 200 1667
INFO 2026-01-26 16:40:46,880 basehttp 23035 137875421128256 "GET /crop/cropClass/ HTTP/1.1" 200 443
INFO 2026-01-26 16:40:46,982 basehttp 23035 137875429520960 "GET //crop/plantArea/?crop=%E6%9E%B8%E6%9D%9E HTTP/1.1" 200 351
INFO 2026-01-26 16:40:47,014 basehttp 23035 137875412735552 "GET /forecast/meteorological-data/?use_future=false HTTP/1.1" 200 3590
INFO 2026-01-26 16:40:47,226 basehttp 23035 137875515504192 "GET //meteorology/?address=%E9%93%B6%E5%B7%9D%E5%B8%82&choose=1 HTTP/1.1" 200 154
INFO 2026-01-26 16:40:47,434 basehttp 23035 137875507111488 "GET //meteorology/?address=%E9%93%B6%E5%B7%9D%E5%B8%82&choose=2&days=7 HTTP/1.1" 200 1241
INFO 2026-01-26 16:40:49,215 basehttp 23035 137875404342848 "GET //meteorology/?address=%E9%93%B6%E5%B7%9D,%E7%9F%B3%E5%98%B4%E5%B1%B1,%E5%9B%BA%E5%8E%9F,%E5%90%B4%E5%BF%A0,%E4%B8%AD%E5%8D%AB&choose=4 HTTP/1.1" 200 76
WARNING 2026-01-26 16:43:18,439 log 23035 137875404342848 Unauthorized: /user/self/
WARNING 2026-01-26 16:43:18,440 basehttp 23035 137875404342848 "GET /user/self/ HTTP/1.1" 401 171
INFO 2026-01-26 16:43:18,521 basehttp 23035 137875515504192 "GET //crop/plantArea/?crop=%E6%9E%B8%E6%9D%9E HTTP/1.1" 200 351
INFO 2026-01-26 16:43:18,532 basehttp 23035 137875421128256 "GET /crop/growth/?crop=%E6%9E%B8%E6%9D%9E HTTP/1.1" 200 1667
INFO 2026-01-26 16:43:18,533 basehttp 23035 137875412735552 "GET /crop/cropClass/ HTTP/1.1" 200 443
INFO 2026-01-26 16:43:18,583 basehttp 23035 137875429520960 "GET /forecast/meteorological-data/?use_future=false HTTP/1.1" 200 3590
INFO 2026-01-26 16:43:18,895 basehttp 23035 137875404342848 "GET //meteorology/?address=%E9%93%B6%E5%B7%9D%E5%B8%82&choose=1 HTTP/1.1" 200 154
INFO 2026-01-26 16:43:19,090 basehttp 23035 137875507111488 "GET //meteorology/?address=%E9%93%B6%E5%B7%9D%E5%B8%82&choose=2&days=7 HTTP/1.1" 200 1241
INFO 2026-01-26 16:43:20,596 basehttp 23035 137875515504192 "GET //meteorology/?address=%E9%93%B6%E5%B7%9D,%E7%9F%B3%E5%98%B4%E5%B1%B1,%E5%9B%BA%E5%8E%9F,%E5%90%B4%E5%BF%A0,%E4%B8%AD%E5%8D%AB&choose=4 HTTP/1.1" 200 76
WARNING 2026-01-26 16:44:35,584 log 23035 137875515504192 Unauthorized: /user/self/
WARNING 2026-01-26 16:44:35,586 basehttp 23035 137875515504192 "GET /user/self/ HTTP/1.1" 401 171
INFO 2026-01-26 16:44:35,653 basehttp 23035 137875429520960 "GET /crop/cropClass/ HTTP/1.1" 200 443
INFO 2026-01-26 16:44:35,668 basehttp 23035 137875421128256 "GET /crop/growth/?crop=%E6%9E%B8%E6%9D%9E HTTP/1.1" 200 1667
INFO 2026-01-26 16:44:35,702 basehttp 23035 137875404342848 "GET //crop/plantArea/?crop=%E6%9E%B8%E6%9D%9E HTTP/1.1" 200 351
INFO 2026-01-26 16:44:35,728 basehttp 23035 137875412735552 "GET /forecast/meteorological-data/?use_future=false HTTP/1.1" 200 3590
INFO 2026-01-26 16:44:36,092 basehttp 23035 137875515504192 "GET //meteorology/?address=%E9%93%B6%E5%B7%9D%E5%B8%82&choose=1 HTTP/1.1" 200 154
INFO 2026-01-26 16:44:36,213 basehttp 23035 137875507111488 "GET //meteorology/?address=%E9%93%B6%E5%B7%9D%E5%B8%82&choose=2&days=7 HTTP/1.1" 200 1241
INFO 2026-01-26 16:44:37,684 basehttp 23035 137875429520960 "GET //meteorology/?address=%E9%93%B6%E5%B7%9D,%E7%9F%B3%E5%98%B4%E5%B1%B1,%E5%9B%BA%E5%8E%9F,%E5%90%B4%E5%BF%A0,%E4%B8%AD%E5%8D%AB&choose=4 HTTP/1.1" 200 76
WARNING 2026-01-26 16:45:28,797 log 23035 137875429520960 Unauthorized: /user/self/
WARNING 2026-01-26 16:45:28,798 basehttp 23035 137875429520960 "GET /user/self/ HTTP/1.1" 401 171
INFO 2026-01-26 16:45:28,879 basehttp 23035 137875412735552 "GET /crop/cropClass/ HTTP/1.1" 200 443
INFO 2026-01-26 16:45:28,903 basehttp 23035 137875421128256 "GET /crop/growth/?crop=%E6%9E%B8%E6%9D%9E HTTP/1.1" 200 1667
INFO 2026-01-26 16:45:28,911 basehttp 23035 137875515504192 "GET //crop/plantArea/?crop=%E6%9E%B8%E6%9D%9E HTTP/1.1" 200 351
INFO 2026-01-26 16:45:28,967 basehttp 23035 137875404342848 "GET /forecast/meteorological-data/?use_future=false HTTP/1.1" 200 3590
INFO 2026-01-26 16:45:29,270 basehttp 23035 137875429520960 "GET //meteorology/?address=%E9%93%B6%E5%B7%9D%E5%B8%82&choose=1 HTTP/1.1" 200 154
INFO 2026-01-26 16:45:29,457 basehttp 23035 137875507111488 "GET //meteorology/?address=%E9%93%B6%E5%B7%9D%E5%B8%82&choose=2&days=7 HTTP/1.1" 200 1241
INFO 2026-01-26 16:45:30,999 basehttp 23035 137875412735552 "GET //meteorology/?address=%E9%93%B6%E5%B7%9D,%E7%9F%B3%E5%98%B4%E5%B1%B1,%E5%9B%BA%E5%8E%9F,%E5%90%B4%E5%BF%A0,%E4%B8%AD%E5%8D%AB&choose=4 HTTP/1.1" 200 76
WARNING 2026-01-26 17:00:09,716 log 23035 137875412735552 Unauthorized: /user/self/
WARNING 2026-01-26 17:00:09,720 basehttp 23035 137875412735552 "GET /user/self/ HTTP/1.1" 401 171
INFO 2026-01-26 17:00:09,980 basehttp 23035 137875507111488 "GET /forecast/meteorological-data/?use_future=false HTTP/1.1" 200 3590
INFO 2026-01-26 17:00:10,100 basehttp 23035 137875404342848 "GET /crop/cropClass/ HTTP/1.1" 200 443
INFO 2026-01-26 17:00:10,117 basehttp 23035 137875421128256 "GET /crop/growth/?crop=%E6%9E%B8%E6%9D%9E HTTP/1.1" 200 1667
INFO 2026-01-26 17:00:10,129 basehttp 23035 137875515504192 "GET //crop/plantArea/?crop=%E6%9E%B8%E6%9D%9E HTTP/1.1" 200 351
INFO 2026-01-26 17:00:15,873 basehttp 23035 137875412735552 "GET //meteorology/?address=%E9%93%B6%E5%B7%9D%E5%B8%82&choose=2&days=7 HTTP/1.1" 200 1241
INFO 2026-01-26 17:00:20,289 basehttp 23035 137875429520960 "GET //meteorology/?address=%E9%93%B6%E5%B7%9D%E5%B8%82&choose=1 HTTP/1.1" 200 154
INFO 2026-01-26 17:00:45,599 basehttp 23035 137875429520960 "GET //user/captcha/?username=daixing HTTP/1.1" 200 140
INFO 2026-01-26 17:00:52,234 basehttp 23035 137875429520960 "OPTIONS //user/captcha/ HTTP/1.1" 200 0
INFO 2026-01-26 17:00:52,246 basehttp 23035 137875429520960 "POST //user/captcha/ HTTP/1.1" 200 17
INFO 2026-01-26 17:00:52,296 basehttp 23035 137875429520960 "OPTIONS //user/login/token/ HTTP/1.1" 200 0
INFO 2026-01-26 17:00:53,247 basehttp 23035 137875429520960 "POST //user/login/token/ HTTP/1.1" 200 669
INFO 2026-01-26 17:00:54,921 basehttp 23035 137875404342848 "GET /crop/cropClass/ HTTP/1.1" 200 443
INFO 2026-01-26 17:00:55,073 basehttp 23035 137875421128256 "GET //crop/plantArea/?crop=%E6%9E%B8%E6%9D%9E HTTP/1.1" 200 351
INFO 2026-01-26 17:00:55,106 basehttp 23035 137875421128256 "GET /crop/growth/?crop=%E6%9E%B8%E6%9D%9E HTTP/1.1" 200 1667
INFO 2026-01-26 17:00:55,240 basehttp 23035 137875404342848 "GET /forecast/meteorological-data/?use_future=false HTTP/1.1" 200 3590
INFO 2026-01-26 17:00:55,371 basehttp 23035 137875429520960 "GET /user/self/ HTTP/1.1" 200 263
INFO 2026-01-26 17:00:55,424 basehttp 23035 137875412735552 "GET //meteorology/?address=%E9%93%B6%E5%B7%9D%E5%B8%82&choose=1 HTTP/1.1" 200 154
INFO 2026-01-26 17:00:55,690 basehttp 23035 137875515504192 "GET //meteorology/?address=%E9%93%B6%E5%B7%9D%E5%B8%82&choose=2&days=7 HTTP/1.1" 200 1241
INFO 2026-01-26 17:00:55,799 basehttp 23035 137875429520960 "GET //meteorology/?address=%E4%B8%AD%E5%8D%AB%E5%B8%82&choose=1 HTTP/1.1" 200 158
INFO 2026-01-26 17:00:55,995 basehttp 23035 137875404342848 "GET //meteorology/?address=%E4%B8%AD%E5%8D%AB%E5%B8%82&choose=2&days=7 HTTP/1.1" 200 1246
INFO 2026-01-26 17:01:17,076 basehttp 23035 137875404342848 "GET //meteorology/?address=%E9%93%B6%E5%B7%9D,%E7%9F%B3%E5%98%B4%E5%B1%B1,%E5%9B%BA%E5%8E%9F,%E5%90%B4%E5%BF%A0,%E4%B8%AD%E5%8D%AB&choose=4 HTTP/1.1" 200 76
INFO 2026-01-26 17:02:02,252 basehttp 23035 137875429520960 "GET /user/areas/hierarchy/ HTTP/1.1" 200 959
INFO 2026-01-26 17:02:02,255 basehttp 23035 137875404342848 "GET /user/self/ HTTP/1.1" 200 263
INFO 2026-01-26 17:02:02,293 basehttp 23035 137875393852992 "GET /media/crop_img/pt3.jpg HTTP/1.1" 304 0
INFO 2026-01-26 17:02:02,302 basehttp 23035 137875385460288 "GET /media/crop_img/xm.jpg HTTP/1.1" 304 0
INFO 2026-01-26 17:02:02,305 basehttp 23035 137875377067584 "GET /media/crop_img/gq.jpg HTTP/1.1" 304 0
INFO 2026-01-26 17:02:02,307 basehttp 23035 137874825541184 "GET /media/crop_img/xm3.jpg HTTP/1.1" 304 0
INFO 2026-01-26 17:02:02,314 basehttp 23035 137874825541184 "GET /media/avatar/dxtx.jpg HTTP/1.1" 304 0
INFO 2026-01-26 17:02:02,322 basehttp 23035 137875404342848 "GET /crop/cropClass/ HTTP/1.1" 200 443
INFO 2026-01-26 17:02:02,382 basehttp 23035 137874825541184 "GET /media/crop_img/xm3_9hPgcma.jpg HTTP/1.1" 304 0
INFO 2026-01-26 17:02:02,385 basehttp 23035 137875377067584 "GET /media/crop_img/xm_1QeCpDw.jpg HTTP/1.1" 304 0
INFO 2026-01-26 17:02:02,386 basehttp 23035 137875385460288 "GET /media/crop_img/pt3_ScqQgwy.jpg HTTP/1.1" 304 0
INFO 2026-01-26 17:03:14,139 basehttp 23035 137875412735552 "GET /crop/cropClass/ HTTP/1.1" 200 443
INFO 2026-01-26 17:03:14,165 basehttp 23035 137875515504192 "GET //crop/plantArea/?crop=%E5%86%AC%E5%B0%8F%E9%BA%A6 HTTP/1.1" 200 530
INFO 2026-01-26 17:03:14,183 basehttp 23035 137875412735552 "GET /crop/growth/?crop=%E5%86%AC%E5%B0%8F%E9%BA%A6 HTTP/1.1" 200 1306
INFO 2026-01-26 17:03:14,195 basehttp 23035 137875421128256 "GET /forecast/meteorological-data/?use_future=false HTTP/1.1" 200 3590
INFO 2026-01-26 17:03:14,501 basehttp 23035 137875404342848 "GET //meteorology/?address=%E4%B8%AD%E5%8D%AB%E5%B8%82&choose=1 HTTP/1.1" 200 155
INFO 2026-01-26 17:03:14,694 basehttp 23035 137875429520960 "GET //meteorology/?address=%E4%B8%AD%E5%8D%AB%E5%B8%82&choose=2&days=7 HTTP/1.1" 200 1246
INFO 2026-01-26 17:03:36,218 basehttp 23035 137875429520960 "GET //meteorology/?address=%E9%93%B6%E5%B7%9D,%E7%9F%B3%E5%98%B4%E5%B1%B1,%E5%9B%BA%E5%8E%9F,%E5%90%B4%E5%BF%A0,%E4%B8%AD%E5%8D%AB&choose=4 HTTP/1.1" 200 76
INFO 2026-01-26 17:14:38,667 basehttp 23035 137875412735552 "GET /user/self/ HTTP/1.1" 200 263
INFO 2026-01-26 17:14:38,682 basehttp 23035 137875515504192 "GET /crop/cropClass/ HTTP/1.1" 200 443
INFO 2026-01-26 17:14:38,737 basehttp 23035 137875412735552 "GET /crop/growth/?crop=%E6%9E%B8%E6%9D%9E HTTP/1.1" 200 1667
INFO 2026-01-26 17:14:38,752 basehttp 23035 137875404342848 "GET //crop/plantArea/?crop=%E6%9E%B8%E6%9D%9E HTTP/1.1" 200 351
INFO 2026-01-26 17:14:38,776 basehttp 23035 137875421128256 "GET /forecast/meteorological-data/?use_future=false HTTP/1.1" 200 3590
INFO 2026-01-26 17:14:39,115 basehttp 23035 137875429520960 "GET //meteorology/?address=%E9%93%B6%E5%B7%9D%E5%B8%82&choose=1 HTTP/1.1" 200 154
INFO 2026-01-26 17:14:39,319 basehttp 23035 137874825541184 "GET //meteorology/?address=%E9%93%B6%E5%B7%9D%E5%B8%82&choose=2&days=7 HTTP/1.1" 200 1241
INFO 2026-01-26 17:14:39,583 basehttp 23035 137875429520960 "GET //meteorology/?address=%E4%B8%AD%E5%8D%AB%E5%B8%82&choose=1 HTTP/1.1" 200 155
INFO 2026-01-26 17:14:39,856 basehttp 23035 137875421128256 "GET //meteorology/?address=%E4%B8%AD%E5%8D%AB%E5%B8%82&choose=2&days=7 HTTP/1.1" 200 1246
INFO 2026-01-26 17:14:40,782 basehttp 23035 137875515504192 "GET //meteorology/?address=%E9%93%B6%E5%B7%9D,%E7%9F%B3%E5%98%B4%E5%B1%B1,%E5%9B%BA%E5%8E%9F,%E5%90%B4%E5%BF%A0,%E4%B8%AD%E5%8D%AB&choose=4 HTTP/1.1" 200 76
INFO 2026-01-26 17:14:42,388 basehttp 23035 137875421128256 "GET /user/areas/hierarchy/ HTTP/1.1" 200 959
INFO 2026-01-26 17:14:42,391 basehttp 23035 137875515504192 "GET /user/self/ HTTP/1.1" 200 263
INFO 2026-01-26 17:14:42,470 basehttp 23035 137875515504192 "GET /crop/cropClass/ HTTP/1.1" 200 443
INFO 2026-01-26 17:14:45,083 basehttp 23035 137875404342848 "GET /crop/growth/?crop=%E5%86%AC%E5%B0%8F%E9%BA%A6 HTTP/1.1" 200 1306
INFO 2026-01-26 17:14:45,096 basehttp 23035 137874825541184 "GET /crop/cropClass/ HTTP/1.1" 200 443
INFO 2026-01-26 17:14:45,128 basehttp 23035 137875429520960 "GET //crop/plantArea/?crop=%E5%86%AC%E5%B0%8F%E9%BA%A6 HTTP/1.1" 200 530
INFO 2026-01-26 17:14:45,151 basehttp 23035 137875412735552 "GET /forecast/meteorological-data/?use_future=false HTTP/1.1" 200 3590
INFO 2026-01-26 17:14:45,527 basehttp 23035 137875515504192 "GET //meteorology/?address=%E4%B8%AD%E5%8D%AB%E5%B8%82&choose=1 HTTP/1.1" 200 155
INFO 2026-01-26 17:14:45,689 basehttp 23035 137875421128256 "GET //meteorology/?address=%E4%B8%AD%E5%8D%AB%E5%B8%82&choose=2&days=7 HTTP/1.1" 200 1246
INFO 2026-01-26 17:14:47,204 basehttp 23035 137875404342848 "GET //meteorology/?address=%E9%93%B6%E5%B7%9D,%E7%9F%B3%E5%98%B4%E5%B1%B1,%E5%9B%BA%E5%8E%9F,%E5%90%B4%E5%BF%A0,%E4%B8%AD%E5%8D%AB&choose=4 HTTP/1.1" 200 76
INFO 2026-01-26 17:14:47,917 basehttp 23035 137875404342848 "GET //meteorology/?address=%E7%9F%B3%E5%98%B4%E5%B1%B1%E5%B8%82&choose=1 HTTP/1.1" 200 156
INFO 2026-01-26 17:14:48,169 basehttp 23035 137875421128256 "GET //meteorology/?address=%E7%9F%B3%E5%98%B4%E5%B1%B1%E5%B8%82&choose=2&days=7 HTTP/1.1" 200 1269
INFO 2026-01-26 17:14:56,434 basehttp 23035 137875412735552 "GET /crop/cropClass/ HTTP/1.1" 200 443
INFO 2026-01-26 17:14:56,446 basehttp 23035 137874825541184 "GET /crop/growth/?crop=%E5%86%AC%E5%B0%8F%E9%BA%A6 HTTP/1.1" 200 1306
INFO 2026-01-26 17:14:56,453 basehttp 23035 137875515504192 "GET //crop/plantArea/?crop=%E5%86%AC%E5%B0%8F%E9%BA%A6 HTTP/1.1" 200 530
INFO 2026-01-26 17:14:56,638 basehttp 23035 137875429520960 "GET /forecast/meteorological-data/?use_future=false HTTP/1.1" 200 3590
INFO 2026-01-26 17:14:56,790 basehttp 23035 137875421128256 "GET //meteorology/?address=%E7%9F%B3%E5%98%B4%E5%B1%B1%E5%B8%82&choose=1 HTTP/1.1" 200 156
INFO 2026-01-26 17:14:57,055 basehttp 23035 137875404342848 "GET //meteorology/?address=%E7%9F%B3%E5%98%B4%E5%B1%B1%E5%B8%82&choose=2&days=7 HTTP/1.1" 200 1269
INFO 2026-01-26 17:14:58,446 basehttp 23035 137875515504192 "GET /crop/cropClass/ HTTP/1.1" 200 443
INFO 2026-01-26 17:14:58,474 basehttp 23035 137875429520960 "GET //crop/plantArea/?crop=%E6%9E%B8%E6%9D%9E HTTP/1.1" 200 351
INFO 2026-01-26 17:14:58,478 basehttp 23035 137875393852992 "GET /crop/growth/?crop=%E6%9E%B8%E6%9D%9E HTTP/1.1" 200 1667
INFO 2026-01-26 17:14:58,519 basehttp 23035 137874825541184 "GET /forecast/meteorological-data/?use_future=false HTTP/1.1" 200 3590
INFO 2026-01-26 17:14:58,874 basehttp 23035 137875404342848 "GET //meteorology/?address=%E9%93%B6%E5%B7%9D%E5%B8%82&choose=1 HTTP/1.1" 200 154
INFO 2026-01-26 17:14:59,045 basehttp 23035 137875421128256 "GET //meteorology/?address=%E9%93%B6%E5%B7%9D%E5%B8%82&choose=2&days=7 HTTP/1.1" 200 1241
INFO 2026-01-26 17:15:00,558 basehttp 23035 137875515504192 "GET //meteorology/?address=%E9%93%B6%E5%B7%9D,%E7%9F%B3%E5%98%B4%E5%B1%B1,%E5%9B%BA%E5%8E%9F,%E5%90%B4%E5%BF%A0,%E4%B8%AD%E5%8D%AB&choose=4 HTTP/1.1" 200 76
INFO 2026-01-26 17:15:40,159 autoreload 26831 126149781963840 Watching for file changes with StatReloader
INFO 2026-01-26 17:16:00,503 basehttp 26831 126145771062848 "GET /crop/cropClass/ HTTP/1.1" 200 443
INFO 2026-01-26 17:16:00,517 basehttp 26831 126145754277440 "GET /crop/growth/?crop=%E6%9E%B8%E6%9D%9E HTTP/1.1" 200 1667
INFO 2026-01-26 17:16:00,551 basehttp 26831 126145779455552 "GET //crop/plantArea/?crop=%E6%9E%B8%E6%9D%9E HTTP/1.1" 200 351
INFO 2026-01-26 17:16:00,617 basehttp 26831 126145762670144 "GET /forecast/meteorological-data/?use_future=false HTTP/1.1" 200 3590
INFO 2026-01-26 17:16:00,933 basehttp 26831 126145796240960 "GET //meteorology/?address=%E9%93%B6%E5%B7%9D%E5%B8%82&choose=1 HTTP/1.1" 200 154
INFO 2026-01-26 17:16:01,178 basehttp 26831 126145787848256 "GET //meteorology/?address=%E9%93%B6%E5%B7%9D%E5%B8%82&choose=2&days=7 HTTP/1.1" 200 1241
INFO 2026-01-26 17:16:02,820 basehttp 26831 126145771062848 "GET //meteorology/?address=%E9%93%B6%E5%B7%9D,%E7%9F%B3%E5%98%B4%E5%B1%B1,%E5%9B%BA%E5%8E%9F,%E5%90%B4%E5%BF%A0,%E4%B8%AD%E5%8D%AB&choose=4 HTTP/1.1" 200 76
INFO 2026-01-26 17:19:28,985 basehttp 26831 126145404073536 "GET /admin/ HTTP/1.1" 200 24261
INFO 2026-01-26 17:19:29,634 basehttp 26831 126145404073536 "GET /favicon.ico HTTP/1.1" 302 0
INFO 2026-01-26 17:19:31,225 basehttp 26831 126145404073536 "GET /admin/forecast/disasterparameter/ HTTP/1.1" 200 28289
INFO 2026-01-26 17:19:31,278 basehttp 26831 126145404073536 "GET /admin/jsi18n/ HTTP/1.1" 200 9327
INFO 2026-01-26 17:19:48,223 basehttp 26831 126145754277440 "GET /crop/growth/?crop=%E6%9E%B8%E6%9D%9E HTTP/1.1" 200 1667
INFO 2026-01-26 17:19:48,226 basehttp 26831 126145762670144 "GET /crop/cropClass/ HTTP/1.1" 200 443
INFO 2026-01-26 17:19:48,244 basehttp 26831 126145796240960 "GET //crop/plantArea/?crop=%E6%9E%B8%E6%9D%9E HTTP/1.1" 200 351
INFO 2026-01-26 17:19:48,335 basehttp 26831 126145779455552 "GET /forecast/meteorological-data/?use_future=false HTTP/1.1" 200 3590
INFO 2026-01-26 17:19:48,618 basehttp 26831 126145771062848 "GET //meteorology/?address=%E9%93%B6%E5%B7%9D%E5%B8%82&choose=1 HTTP/1.1" 200 154
INFO 2026-01-26 17:19:48,809 basehttp 26831 126145787848256 "GET //meteorology/?address=%E9%93%B6%E5%B7%9D%E5%B8%82&choose=2&days=7 HTTP/1.1" 200 1241
INFO 2026-01-26 17:19:50,315 basehttp 26831 126145754277440 "GET //meteorology/?address=%E9%93%B6%E5%B7%9D,%E7%9F%B3%E5%98%B4%E5%B1%B1,%E5%9B%BA%E5%8E%9F,%E5%90%B4%E5%BF%A0,%E4%B8%AD%E5%8D%AB&choose=4 HTTP/1.1" 200 76
INFO 2026-01-26 18:33:51,915 basehttp 26831 126145754277440 "GET //crop/plantArea/?crop=%E6%9E%B8%E6%9D%9E HTTP/1.1" 200 351
INFO 2026-01-26 18:33:51,970 basehttp 26831 126145762670144 "GET //meteorology/?address=%E9%93%B6%E5%B7%9D%E5%B8%82&choose=1 HTTP/1.1" 200 157
INFO 2026-01-26 18:33:51,932 basehttp 26831 126145796240960 "GET /crop/cropClass/ HTTP/1.1" 200 443
INFO 2026-01-26 18:33:52,132 basehttp 26831 126145771062848 "GET /crop/growth/?crop=%E6%9E%B8%E6%9D%9E HTTP/1.1" 200 1667
INFO 2026-01-26 18:33:52,309 basehttp 26831 126145787848256 "GET //meteorology/?address=%E9%93%B6%E5%B7%9D%E5%B8%82&choose=2&days=7 HTTP/1.1" 200 1241
INFO 2026-01-26 18:33:52,931 basehttp 26831 126145779455552 "GET /forecast/meteorological-data/?use_future=false HTTP/1.1" 200 3590
INFO 2026-01-26 18:33:54,380 basehttp 26831 126145796240960 "GET //meteorology/?address=%E9%93%B6%E5%B7%9D,%E7%9F%B3%E5%98%B4%E5%B1%B1,%E5%9B%BA%E5%8E%9F,%E5%90%B4%E5%BF%A0,%E4%B8%AD%E5%8D%AB&choose=4 HTTP/1.1" 200 76
INFO 2026-01-26 18:34:00,766 basehttp 26831 126145771062848 "GET /crop/cropClass/ HTTP/1.1" 200 443
INFO 2026-01-26 18:34:00,787 basehttp 26831 126145754277440 "GET /crop/growth/?crop=%E6%9E%B8%E6%9D%9E HTTP/1.1" 200 1667
INFO 2026-01-26 18:34:00,789 basehttp 26831 126145787848256 "GET //crop/plantArea/?crop=%E6%9E%B8%E6%9D%9E HTTP/1.1" 200 351
INFO 2026-01-26 18:34:00,924 basehttp 26831 126145762670144 "GET /forecast/meteorological-data/?use_future=false HTTP/1.1" 200 3590
INFO 2026-01-26 18:34:01,191 basehttp 26831 126145796240960 "GET //meteorology/?address=%E9%93%B6%E5%B7%9D%E5%B8%82&choose=1 HTTP/1.1" 200 157
INFO 2026-01-26 18:34:01,401 basehttp 26831 126145779455552 "GET //meteorology/?address=%E9%93%B6%E5%B7%9D%E5%B8%82&choose=2&days=7 HTTP/1.1" 200 1241
INFO 2026-01-26 18:34:03,001 basehttp 26831 126145771062848 "GET //meteorology/?address=%E9%93%B6%E5%B7%9D,%E7%9F%B3%E5%98%B4%E5%B1%B1,%E5%9B%BA%E5%8E%9F,%E5%90%B4%E5%BF%A0,%E4%B8%AD%E5%8D%AB&choose=4 HTTP/1.1" 200 76
INFO 2026-01-26 18:35:05,288 basehttp 26831 126145762670144 "GET /crop/cropClass/ HTTP/1.1" 200 443
INFO 2026-01-26 18:35:05,309 basehttp 26831 126145754277440 "GET /crop/growth/?crop=%E6%9E%B8%E6%9D%9E HTTP/1.1" 200 1667
INFO 2026-01-26 18:35:05,337 basehttp 26831 126145796240960 "GET //crop/plantArea/?crop=%E6%9E%B8%E6%9D%9E HTTP/1.1" 200 351
INFO 2026-01-26 18:35:05,362 basehttp 26831 126145787848256 "GET /forecast/meteorological-data/?use_future=false HTTP/1.1" 200 3590
INFO 2026-01-26 18:35:05,662 basehttp 26831 126145771062848 "GET //meteorology/?address=%E9%93%B6%E5%B7%9D%E5%B8%82&choose=1 HTTP/1.1" 200 157
INFO 2026-01-26 18:35:05,873 basehttp 26831 126145779455552 "GET //meteorology/?address=%E9%93%B6%E5%B7%9D%E5%B8%82&choose=2&days=7 HTTP/1.1" 200 1241
INFO 2026-01-26 18:35:07,435 basehttp 26831 126145762670144 "GET //meteorology/?address=%E9%93%B6%E5%B7%9D,%E7%9F%B3%E5%98%B4%E5%B1%B1,%E5%9B%BA%E5%8E%9F,%E5%90%B4%E5%BF%A0,%E4%B8%AD%E5%8D%AB&choose=4 HTTP/1.1" 200 76
INFO 2026-01-26 18:36:41,690 basehttp 26831 126145796240960 "GET /crop/cropClass/ HTTP/1.1" 200 443
INFO 2026-01-26 18:36:41,739 basehttp 26831 126145754277440 "GET /crop/growth/?crop=%E6%9E%B8%E6%9D%9E HTTP/1.1" 200 1667
INFO 2026-01-26 18:36:41,758 basehttp 26831 126145779455552 "GET //crop/plantArea/?crop=%E6%9E%B8%E6%9D%9E HTTP/1.1" 200 351
INFO 2026-01-26 18:36:41,778 basehttp 26831 126145771062848 "GET /forecast/meteorological-data/?use_future=false HTTP/1.1" 200 3590
INFO 2026-01-26 18:36:42,117 basehttp 26831 126145762670144 "GET //meteorology/?address=%E9%93%B6%E5%B7%9D%E5%B8%82&choose=1 HTTP/1.1" 200 157
INFO 2026-01-26 18:36:42,268 basehttp 26831 126145787848256 "GET //meteorology/?address=%E9%93%B6%E5%B7%9D%E5%B8%82&choose=2&days=7 HTTP/1.1" 200 1241
INFO 2026-01-26 18:36:43,758 basehttp 26831 126145796240960 "GET //meteorology/?address=%E9%93%B6%E5%B7%9D,%E7%9F%B3%E5%98%B4%E5%B1%B1,%E5%9B%BA%E5%8E%9F,%E5%90%B4%E5%BF%A0,%E4%B8%AD%E5%8D%AB&choose=4 HTTP/1.1" 200 76
INFO 2026-01-26 18:37:06,456 basehttp 26831 126145754277440 "GET /crop/growth/?crop=%E6%9E%B8%E6%9D%9E HTTP/1.1" 200 1667
INFO 2026-01-26 18:37:06,463 basehttp 26831 126145771062848 "GET /crop/cropClass/ HTTP/1.1" 200 443
INFO 2026-01-26 18:37:06,491 basehttp 26831 126145762670144 "GET //crop/plantArea/?crop=%E6%9E%B8%E6%9D%9E HTTP/1.1" 200 351
INFO 2026-01-26 18:37:06,541 basehttp 26831 126145779455552 "GET /forecast/meteorological-data/?use_future=false HTTP/1.1" 200 3590
INFO 2026-01-26 18:37:06,867 basehttp 26831 126145796240960 "GET //meteorology/?address=%E9%93%B6%E5%B7%9D%E5%B8%82&choose=1 HTTP/1.1" 200 157
INFO 2026-01-26 18:37:07,055 basehttp 26831 126145787848256 "GET //meteorology/?address=%E9%93%B6%E5%B7%9D%E5%B8%82&choose=2&days=7 HTTP/1.1" 200 1241
INFO 2026-01-26 18:37:08,532 basehttp 26831 126145754277440 "GET //meteorology/?address=%E9%93%B6%E5%B7%9D,%E7%9F%B3%E5%98%B4%E5%B1%B1,%E5%9B%BA%E5%8E%9F,%E5%90%B4%E5%BF%A0,%E4%B8%AD%E5%8D%AB&choose=4 HTTP/1.1" 200 76
INFO 2026-01-26 18:37:13,846 basehttp 26831 126145779455552 "GET /crop/cropClass/ HTTP/1.1" 200 443
INFO 2026-01-26 18:37:13,869 basehttp 26831 126145796240960 "GET //crop/plantArea/?crop=%E6%9E%B8%E6%9D%9E HTTP/1.1" 200 351
INFO 2026-01-26 18:37:13,878 basehttp 26831 126145771062848 "GET /crop/growth/?crop=%E6%9E%B8%E6%9D%9E HTTP/1.1" 200 1667
INFO 2026-01-26 18:37:13,924 basehttp 26831 126145762670144 "GET /forecast/meteorological-data/?use_future=false HTTP/1.1" 200 3590
INFO 2026-01-26 18:37:14,209 basehttp 26831 126145754277440 "GET //meteorology/?address=%E9%93%B6%E5%B7%9D%E5%B8%82&choose=1 HTTP/1.1" 200 157
INFO 2026-01-26 18:37:14,434 basehttp 26831 126145787848256 "GET //meteorology/?address=%E9%93%B6%E5%B7%9D%E5%B8%82&choose=2&days=7 HTTP/1.1" 200 1241
INFO 2026-01-26 18:37:15,976 basehttp 26831 126145779455552 "GET //meteorology/?address=%E9%93%B6%E5%B7%9D,%E7%9F%B3%E5%98%B4%E5%B1%B1,%E5%9B%BA%E5%8E%9F,%E5%90%B4%E5%BF%A0,%E4%B8%AD%E5%8D%AB&choose=4 HTTP/1.1" 200 76
INFO 2026-01-26 18:37:51,791 basehttp 26831 126145762670144 "GET /crop/cropClass/ HTTP/1.1" 200 443
INFO 2026-01-26 18:37:51,813 basehttp 26831 126145796240960 "GET /crop/growth/?crop=%E6%9E%B8%E6%9D%9E HTTP/1.1" 200 1667
INFO 2026-01-26 18:37:51,879 basehttp 26831 126145754277440 "GET //crop/plantArea/?crop=%E6%9E%B8%E6%9D%9E HTTP/1.1" 200 351
INFO 2026-01-26 18:37:51,907 basehttp 26831 126145771062848 "GET /forecast/meteorological-data/?use_future=false HTTP/1.1" 200 3590
INFO 2026-01-26 18:37:52,244 basehttp 26831 126145779455552 "GET //meteorology/?address=%E9%93%B6%E5%B7%9D%E5%B8%82&choose=1 HTTP/1.1" 200 157
INFO 2026-01-26 18:37:52,397 basehttp 26831 126145787848256 "GET //meteorology/?address=%E9%93%B6%E5%B7%9D%E5%B8%82&choose=2&days=7 HTTP/1.1" 200 1241
INFO 2026-01-26 18:37:53,853 basehttp 26831 126145762670144 "GET //meteorology/?address=%E9%93%B6%E5%B7%9D,%E7%9F%B3%E5%98%B4%E5%B1%B1,%E5%9B%BA%E5%8E%9F,%E5%90%B4%E5%BF%A0,%E4%B8%AD%E5%8D%AB&choose=4 HTTP/1.1" 200 76
INFO 2026-01-26 18:40:47,082 basehttp 26831 126145771062848 "GET /crop/cropClass/ HTTP/1.1" 200 443
INFO 2026-01-26 18:40:47,131 basehttp 26831 126145796240960 "GET /crop/growth/?crop=%E6%9E%B8%E6%9D%9E HTTP/1.1" 200 1667
INFO 2026-01-26 18:40:47,148 basehttp 26831 126145779455552 "GET //crop/plantArea/?crop=%E6%9E%B8%E6%9D%9E HTTP/1.1" 200 351
INFO 2026-01-26 18:40:47,171 basehttp 26831 126145754277440 "GET /forecast/meteorological-data/?use_future=false HTTP/1.1" 200 3590
INFO 2026-01-26 18:40:47,438 basehttp 26831 126145762670144 "GET //meteorology/?address=%E9%93%B6%E5%B7%9D%E5%B8%82&choose=1 HTTP/1.1" 200 157
INFO 2026-01-26 18:40:47,689 basehttp 26831 126145787848256 "GET //meteorology/?address=%E9%93%B6%E5%B7%9D%E5%B8%82&choose=2&days=7 HTTP/1.1" 200 1241
INFO 2026-01-26 18:40:49,306 basehttp 26831 126145771062848 "GET //meteorology/?address=%E9%93%B6%E5%B7%9D,%E7%9F%B3%E5%98%B4%E5%B1%B1,%E5%9B%BA%E5%8E%9F,%E5%90%B4%E5%BF%A0,%E4%B8%AD%E5%8D%AB&choose=4 HTTP/1.1" 200 76
INFO 2026-01-26 18:41:30,462 autoreload 34439 133355535860800 Watching for file changes with StatReloader
INFO 2026-01-26 18:42:32,916 basehttp 34439 133351518221888 "GET /crop/cropClass/ HTTP/1.1" 200 443
INFO 2026-01-26 18:42:32,932 basehttp 34439 133351526614592 "GET //crop/plantArea/?crop=%E6%9E%B8%E6%9D%9E HTTP/1.1" 200 351
INFO 2026-01-26 18:42:33,004 basehttp 34439 133351518221888 "GET /crop/growth/?crop=%E6%9E%B8%E6%9D%9E HTTP/1.1" 200 1667
INFO 2026-01-26 18:42:33,024 basehttp 34439 133351551792704 "GET //user/user-location/ HTTP/1.1" 200 107
INFO 2026-01-26 18:42:33,025 basehttp 34439 133351508780608 "GET /forecast/meteorological-data/?use_future=false HTTP/1.1" 200 3590
INFO 2026-01-26 18:42:33,283 basehttp 34439 133351543400000 "GET //meteorology/?address=%E9%93%B6%E5%B7%9D%E5%B8%82&choose=1 HTTP/1.1" 200 157
INFO 2026-01-26 18:42:33,465 basehttp 34439 133351535007296 "GET //meteorology/?address=%E9%93%B6%E5%B7%9D%E5%B8%82&choose=2&days=7 HTTP/1.1" 200 1241
INFO 2026-01-26 18:42:34,987 basehttp 34439 133351526614592 "GET //meteorology/?address=%E9%93%B6%E5%B7%9D,%E7%9F%B3%E5%98%B4%E5%B1%B1,%E5%9B%BA%E5%8E%9F,%E5%90%B4%E5%BF%A0,%E4%B8%AD%E5%8D%AB&choose=4 HTTP/1.1" 200 76
INFO 2026-01-26 18:43:50,296 basehttp 34439 133351508780608 "GET /crop/cropClass/ HTTP/1.1" 200 443
INFO 2026-01-26 18:43:50,337 basehttp 34439 133351518221888 "GET //crop/plantArea/?crop=%E6%9E%B8%E6%9D%9E HTTP/1.1" 200 351
INFO 2026-01-26 18:43:50,360 basehttp 34439 133351526614592 "GET //user/user-location/ HTTP/1.1" 200 107
INFO 2026-01-26 18:43:50,363 basehttp 34439 133351508780608 "GET /crop/growth/?crop=%E6%9E%B8%E6%9D%9E HTTP/1.1" 200 1667
INFO 2026-01-26 18:43:50,369 basehttp 34439 133351551792704 "GET /forecast/meteorological-data/?use_future=false HTTP/1.1" 200 3590
INFO 2026-01-26 18:43:50,658 basehttp 34439 133351535007296 "GET //meteorology/?address=%E9%93%B6%E5%B7%9D%E5%B8%82&choose=1 HTTP/1.1" 200 157
INFO 2026-01-26 18:43:51,041 basehttp 34439 133351543400000 "GET //meteorology/?address=%E9%93%B6%E5%B7%9D%E5%B8%82&choose=2&days=7 HTTP/1.1" 200 1241
INFO 2026-01-26 18:43:51,870 basehttp 34439 133351543400000 "GET //meteorology/?address=%E5%9B%BA%E5%8E%9F%E5%B8%82&choose=1 HTTP/1.1" 200 155
INFO 2026-01-26 18:43:52,026 basehttp 34439 133351535007296 "GET //meteorology/?address=%E5%9B%BA%E5%8E%9F%E5%B8%82&choose=2&days=7 HTTP/1.1" 200 1247
INFO 2026-01-26 18:43:52,617 basehttp 34439 133351518221888 "GET //meteorology/?address=%E9%93%B6%E5%B7%9D,%E7%9F%B3%E5%98%B4%E5%B1%B1,%E5%9B%BA%E5%8E%9F,%E5%90%B4%E5%BF%A0,%E4%B8%AD%E5%8D%AB&choose=4 HTTP/1.1" 200 76
INFO 2026-01-26 18:44:51,962 autoreload 34439 133355535860800 /home/dx/Desktop/my_pr/myapi/myapi/apps/user/views.py changed, reloading.
INFO 2026-01-26 18:44:55,769 autoreload 34740 138323968017472 Watching for file changes with StatReloader
INFO 2026-01-26 18:45:27,076 basehttp 34740 138319874741824 "GET /crop/cropClass/ HTTP/1.1" 200 443
INFO 2026-01-26 18:45:27,102 basehttp 34740 138319883134528 "GET //crop/plantArea/?crop=%E6%9E%B8%E6%9D%9E HTTP/1.1" 200 351
INFO 2026-01-26 18:45:27,126 basehttp 34740 138319983801920 "GET //user/user-location/ HTTP/1.1" 200 107
INFO 2026-01-26 18:45:27,142 basehttp 34740 138319866349120 "GET /forecast/meteorological-data/?use_future=false HTTP/1.1" 200 3590
INFO 2026-01-26 18:45:27,150 basehttp 34740 138319874741824 "GET /crop/growth/?crop=%E6%9E%B8%E6%9D%9E HTTP/1.1" 200 1667
INFO 2026-01-26 18:45:27,412 basehttp 34740 138319975409216 "GET //meteorology/?address=%E9%93%B6%E5%B7%9D%E5%B8%82&choose=1 HTTP/1.1" 200 157
INFO 2026-01-26 18:45:27,622 basehttp 34740 138319891527232 "GET //meteorology/?address=%E9%93%B6%E5%B7%9D%E5%B8%82&choose=2&days=7 HTTP/1.1" 200 1241
INFO 2026-01-26 18:45:28,307 basehttp 34740 138319891527232 "GET //meteorology/?address=%E5%9B%BA%E5%8E%9F%E5%B8%82&choose=1 HTTP/1.1" 200 155
INFO 2026-01-26 18:45:28,580 basehttp 34740 138319975409216 "GET //meteorology/?address=%E5%9B%BA%E5%8E%9F%E5%B8%82&choose=2&days=7 HTTP/1.1" 200 1247
INFO 2026-01-26 18:45:29,196 basehttp 34740 138319883134528 "GET //meteorology/?address=%E9%93%B6%E5%B7%9D,%E7%9F%B3%E5%98%B4%E5%B1%B1,%E5%9B%BA%E5%8E%9F,%E5%90%B4%E5%BF%A0,%E4%B8%AD%E5%8D%AB&choose=4 HTTP/1.1" 200 76
INFO 2026-01-26 18:46:06,796 basehttp 34740 138319866349120 "GET /crop/cropClass/ HTTP/1.1" 200 443
INFO 2026-01-26 18:46:06,827 basehttp 34740 138319874741824 "GET //crop/plantArea/?crop=%E6%9E%B8%E6%9D%9E HTTP/1.1" 200 351
INFO 2026-01-26 18:46:06,854 basehttp 34740 138319866349120 "GET /crop/growth/?crop=%E6%9E%B8%E6%9D%9E HTTP/1.1" 200 1667
INFO 2026-01-26 18:46:06,872 basehttp 34740 138319883134528 "GET //user/user-location/ HTTP/1.1" 200 107
INFO 2026-01-26 18:46:06,878 basehttp 34740 138319983801920 "GET /forecast/meteorological-data/?use_future=false HTTP/1.1" 200 3590
INFO 2026-01-26 18:46:07,193 basehttp 34740 138319975409216 "GET //meteorology/?address=%E9%93%B6%E5%B7%9D%E5%B8%82&choose=1 HTTP/1.1" 200 157
INFO 2026-01-26 18:46:07,426 basehttp 34740 138319891527232 "GET //meteorology/?address=%E9%93%B6%E5%B7%9D%E5%B8%82&choose=2&days=7 HTTP/1.1" 200 1241
INFO 2026-01-26 18:46:08,148 basehttp 34740 138319891527232 "GET //meteorology/?address=%E5%9B%BA%E5%8E%9F%E5%B8%82&choose=1 HTTP/1.1" 200 155
INFO 2026-01-26 18:46:08,311 basehttp 34740 138319975409216 "GET //meteorology/?address=%E5%9B%BA%E5%8E%9F%E5%B8%82&choose=2&days=7 HTTP/1.1" 200 1247
INFO 2026-01-26 18:46:09,052 basehttp 34740 138319874741824 "GET //meteorology/?address=%E9%93%B6%E5%B7%9D,%E7%9F%B3%E5%98%B4%E5%B1%B1,%E5%9B%BA%E5%8E%9F,%E5%90%B4%E5%BF%A0,%E4%B8%AD%E5%8D%AB&choose=4 HTTP/1.1" 200 76
INFO 2026-01-26 18:47:55,933 autoreload 34740 138323968017472 /home/dx/Desktop/my_pr/myapi/myapi/apps/user/views.py changed, reloading.
INFO 2026-01-26 18:47:58,988 autoreload 35063 136012368614464 Watching for file changes with StatReloader
INFO 2026-01-26 18:50:29,088 basehttp 35063 136008349759040 "GET /crop/cropClass/ HTTP/1.1" 200 443
INFO 2026-01-26 18:50:29,132 basehttp 35063 136008358151744 "GET //crop/plantArea/?crop=%E6%9E%B8%E6%9D%9E HTTP/1.1" 200 351
INFO 2026-01-26 18:50:29,180 basehttp 35063 136008383329856 "GET //user/user-location/ HTTP/1.1" 200 107
INFO 2026-01-26 18:50:29,194 basehttp 35063 136008349759040 "GET /crop/growth/?crop=%E6%9E%B8%E6%9D%9E HTTP/1.1" 200 1667
INFO 2026-01-26 18:50:29,202 basehttp 35063 136008341366336 "GET /forecast/meteorological-data/?use_future=false HTTP/1.1" 200 3590
INFO 2026-01-26 18:50:29,485 basehttp 35063 136008374937152 "GET //meteorology/?address=%E9%93%B6%E5%B7%9D%E5%B8%82&choose=1 HTTP/1.1" 200 157
INFO 2026-01-26 18:50:29,663 basehttp 35063 136008366544448 "GET //meteorology/?address=%E9%93%B6%E5%B7%9D%E5%B8%82&choose=2&days=7 HTTP/1.1" 200 1241
INFO 2026-01-26 18:50:30,776 basehttp 35063 136008366544448 "GET //meteorology/?address=%E4%B8%AD%E5%8D%AB%E5%B8%82&choose=1 HTTP/1.1" 200 154
INFO 2026-01-26 18:50:31,002 basehttp 35063 136008374937152 "GET //meteorology/?address=%E4%B8%AD%E5%8D%AB%E5%B8%82&choose=2&days=7 HTTP/1.1" 200 1247
INFO 2026-01-26 18:50:31,238 basehttp 35063 136008358151744 "GET //meteorology/?address=%E9%93%B6%E5%B7%9D,%E7%9F%B3%E5%98%B4%E5%B1%B1,%E5%9B%BA%E5%8E%9F,%E5%90%B4%E5%BF%A0,%E4%B8%AD%E5%8D%AB&choose=4 HTTP/1.1" 200 76
INFO 2026-01-26 18:51:18,509 basehttp 35063 136008341366336 "GET /crop/cropClass/ HTTP/1.1" 200 443
INFO 2026-01-26 18:51:18,556 basehttp 35063 136008349759040 "GET //crop/plantArea/?crop=%E6%9E%B8%E6%9D%9E HTTP/1.1" 200 351
INFO 2026-01-26 18:51:18,575 basehttp 35063 136008341366336 "GET /crop/growth/?crop=%E6%9E%B8%E6%9D%9E HTTP/1.1" 200 1667
INFO 2026-01-26 18:51:18,603 basehttp 35063 136008383329856 "GET /forecast/meteorological-data/?use_future=false HTTP/1.1" 200 3590
INFO 2026-01-26 18:51:18,630 basehttp 35063 136008358151744 "GET //user/user-location/ HTTP/1.1" 200 107
INFO 2026-01-26 18:51:18,907 basehttp 35063 136008374937152 "GET //meteorology/?address=%E4%B8%AD%E5%8D%AB%E5%B8%82&choose=1 HTTP/1.1" 200 154
INFO 2026-01-26 18:51:19,102 basehttp 35063 136008366544448 "GET //meteorology/?address=%E4%B8%AD%E5%8D%AB%E5%B8%82&choose=2&days=7 HTTP/1.1" 200 1247
INFO 2026-01-26 18:51:20,740 basehttp 35063 136008349759040 "GET //meteorology/?address=%E9%93%B6%E5%B7%9D,%E7%9F%B3%E5%98%B4%E5%B1%B1,%E5%9B%BA%E5%8E%9F,%E5%90%B4%E5%BF%A0,%E4%B8%AD%E5%8D%AB&choose=4 HTTP/1.1" 200 76
INFO 2026-01-26 18:51:24,423 basehttp 35063 136008349759040 "GET /crop/growth/?crop=%E6%98%A5%E5%B0%8F%E9%BA%A6 HTTP/1.1" 200 1050
INFO 2026-01-26 18:51:24,444 basehttp 35063 136008366544448 "GET //crop/plantArea/?crop=%E6%98%A5%E5%B0%8F%E9%BA%A6 HTTP/1.1" 200 532
INFO 2026-01-26 18:51:28,566 basehttp 35063 136008366544448 "GET /crop/growth/?crop=%E5%86%AC%E5%B0%8F%E9%BA%A6 HTTP/1.1" 200 1306
INFO 2026-01-26 18:51:28,569 basehttp 35063 136008349759040 "GET //crop/plantArea/?crop=%E5%86%AC%E5%B0%8F%E9%BA%A6 HTTP/1.1" 200 530
INFO 2026-01-26 18:51:29,863 basehttp 35063 136008349759040 "GET /crop/growth/?crop=%E8%91%A1%E8%90%84 HTTP/1.1" 200 1010
INFO 2026-01-26 18:51:29,875 basehttp 35063 136008366544448 "GET //crop/plantArea/?crop=%E8%91%A1%E8%90%84 HTTP/1.1" 200 496
INFO 2026-01-26 18:51:31,565 basehttp 35063 136008366544448 "GET /crop/growth/?crop=%E6%9E%B8%E6%9D%9E HTTP/1.1" 200 1667
INFO 2026-01-26 18:51:31,581 basehttp 35063 136008349759040 "GET //crop/plantArea/?crop=%E6%9E%B8%E6%9D%9E HTTP/1.1" 200 351
INFO 2026-01-26 18:51:35,143 basehttp 35063 136008349759040 "GET /forecast/meteorological-data/?use_future=true HTTP/1.1" 200 3559
INFO 2026-01-26 18:53:15,938 basehttp 35063 136008349759040 "GET //meteorology/?address=%E5%9B%BA%E5%8E%9F%E5%B8%82&choose=1 HTTP/1.1" 200 156
INFO 2026-01-26 18:53:16,208 basehttp 35063 136008366544448 "GET //meteorology/?address=%E5%9B%BA%E5%8E%9F%E5%B8%82&choose=2&days=7 HTTP/1.1" 200 1247
INFO 2026-01-26 19:00:03,526 autoreload 35063 136012368614464 /home/dx/Desktop/my_pr/myapi/myapi/apps/user/views.py changed, reloading.
INFO 2026-01-26 19:00:08,704 autoreload 36188 135162352198720 Watching for file changes with StatReloader
INFO 2026-01-26 19:00:22,020 basehttp 36188 135158124508736 "GET /crop/cropClass/ HTTP/1.1" 200 443
INFO 2026-01-26 19:00:22,025 basehttp 36188 135158342600256 "GET //crop/plantArea/?crop=%E6%9E%B8%E6%9D%9E HTTP/1.1" 200 351
INFO 2026-01-26 19:00:22,095 basehttp 36188 135158124508736 "GET /crop/growth/?crop=%E6%9E%B8%E6%9D%9E HTTP/1.1" 200 1667
INFO 2026-01-26 19:00:22,095 basehttp 36188 135158116116032 "GET /forecast/meteorological-data/?use_future=false HTTP/1.1" 200 3590
INFO 2026-01-26 19:00:22,117 basehttp 36188 135158367778368 "GET //user/user-location/ HTTP/1.1" 200 107
INFO 2026-01-26 19:00:22,383 basehttp 36188 135158359385664 "GET //meteorology/?address=%E9%93%B6%E5%B7%9D%E5%B8%82&choose=1 HTTP/1.1" 200 157
INFO 2026-01-26 19:00:22,699 basehttp 36188 135158350992960 "GET //meteorology/?address=%E9%93%B6%E5%B7%9D%E5%B8%82&choose=2&days=7 HTTP/1.1" 200 1241
INFO 2026-01-26 19:00:23,584 basehttp 36188 135158350992960 "GET //meteorology/?address=%E4%B8%AD%E5%8D%AB%E5%B8%82&choose=1 HTTP/1.1" 200 154
INFO 2026-01-26 19:00:23,693 basehttp 36188 135158359385664 "GET //meteorology/?address=%E4%B8%AD%E5%8D%AB%E5%B8%82&choose=2&days=7 HTTP/1.1" 200 1247
INFO 2026-01-26 19:00:24,162 basehttp 36188 135158342600256 "GET //meteorology/?address=%E9%93%B6%E5%B7%9D,%E7%9F%B3%E5%98%B4%E5%B1%B1,%E5%9B%BA%E5%8E%9F,%E5%90%B4%E5%BF%A0,%E4%B8%AD%E5%8D%AB&choose=4 HTTP/1.1" 200 76
INFO 2026-01-26 19:00:56,174 autoreload 36353 123440014660672 Watching for file changes with StatReloader
INFO 2026-01-26 19:01:40,738 basehttp 36353 123435925620288 "GET /crop/cropClass/ HTTP/1.1" 200 443
INFO 2026-01-26 19:01:40,757 basehttp 36353 123435934012992 "GET //crop/plantArea/?crop=%E6%9E%B8%E6%9D%9E HTTP/1.1" 200 351
INFO 2026-01-26 19:01:40,801 basehttp 36353 123435925620288 "GET /crop/growth/?crop=%E6%9E%B8%E6%9D%9E HTTP/1.1" 200 1667
INFO 2026-01-26 19:01:40,833 basehttp 36353 123435917227584 "GET /forecast/meteorological-data/?use_future=false HTTP/1.1" 200 3590
INFO 2026-01-26 19:01:40,867 basehttp 36353 123436030490176 "GET //user/user-location/ HTTP/1.1" 200 107
INFO 2026-01-26 19:01:41,156 basehttp 36353 123435950798400 "GET //meteorology/?address=%E9%93%B6%E5%B7%9D%E5%B8%82&choose=1 HTTP/1.1" 200 157
INFO 2026-01-26 19:01:41,339 basehttp 36353 123435942405696 "GET //meteorology/?address=%E9%93%B6%E5%B7%9D%E5%B8%82&choose=2&days=7 HTTP/1.1" 200 1241
INFO 2026-01-26 19:01:41,612 basehttp 36353 123435950798400 "GET //meteorology/?address=%E4%B8%AD%E5%8D%AB%E5%B8%82&choose=1 HTTP/1.1" 200 154
INFO 2026-01-26 19:01:41,888 basehttp 36353 123436030490176 "GET //meteorology/?address=%E4%B8%AD%E5%8D%AB%E5%B8%82&choose=2&days=7 HTTP/1.1" 200 1247
INFO 2026-01-26 19:01:42,997 basehttp 36353 123435934012992 "GET //meteorology/?address=%E9%93%B6%E5%B7%9D,%E7%9F%B3%E5%98%B4%E5%B1%B1,%E5%9B%BA%E5%8E%9F,%E5%90%B4%E5%BF%A0,%E4%B8%AD%E5%8D%AB&choose=4 HTTP/1.1" 200 76
INFO 2026-01-26 19:01:44,385 basehttp 36353 123435934012992 "GET /crop/growth/?crop=%E5%86%AC%E5%B0%8F%E9%BA%A6 HTTP/1.1" 200 1306
INFO 2026-01-26 19:01:44,398 basehttp 36353 123436030490176 "GET //crop/plantArea/?crop=%E5%86%AC%E5%B0%8F%E9%BA%A6 HTTP/1.1" 200 530
INFO 2026-01-26 19:10:31,556 autoreload 36353 123440014660672 /home/dx/Desktop/my_pr/myapi/myapi/apps/user/views.py changed, reloading.
INFO 2026-01-26 19:10:35,101 autoreload 37228 135225594414144 Watching for file changes with StatReloader
INFO 2026-01-26 19:10:49,744 basehttp 37228 135221574874688 "GET /crop/cropClass/ HTTP/1.1" 200 443
INFO 2026-01-26 19:10:49,819 basehttp 37228 135221583267392 "GET //crop/plantArea/?crop=%E6%9E%B8%E6%9D%9E HTTP/1.1" 200 351
INFO 2026-01-26 19:10:49,856 basehttp 37228 135221566481984 "GET /forecast/meteorological-data/?use_future=false HTTP/1.1" 200 3590
INFO 2026-01-26 19:10:49,860 basehttp 37228 135221574874688 "GET /crop/growth/?crop=%E6%9E%B8%E6%9D%9E HTTP/1.1" 200 1667
INFO 2026-01-26 19:10:50,250 basehttp 37228 135221601101376 "GET //meteorology/?address=%E9%93%B6%E5%B7%9D%E5%B8%82&choose=1 HTTP/1.1" 200 157
INFO 2026-01-26 19:10:50,482 basehttp 37228 135221591660096 "GET //meteorology/?address=%E9%93%B6%E5%B7%9D%E5%B8%82&choose=2&days=7 HTTP/1.1" 200 1241
INFO 2026-01-26 19:10:51,663 views 37228 135221609494080 获取到用户IP: 118.254.122.203
INFO 2026-01-26 19:10:51,853 basehttp 37228 135221609494080 "GET //user/user-location/ HTTP/1.1" 200 402
INFO 2026-01-26 19:10:52,012 basehttp 37228 135221583267392 "GET //meteorology/?address=%E9%93%B6%E5%B7%9D,%E7%9F%B3%E5%98%B4%E5%B1%B1,%E5%9B%BA%E5%8E%9F,%E5%90%B4%E5%BF%A0,%E4%B8%AD%E5%8D%AB&choose=4 HTTP/1.1" 200 76
INFO 2026-01-26 19:10:52,278 basehttp 37228 135221609494080 "GET //meteorology/?address=%E4%B8%AD%E5%8D%AB%E5%B8%82&choose=1 HTTP/1.1" 200 154
INFO 2026-01-26 19:10:52,475 basehttp 37228 135221591660096 "GET //meteorology/?address=%E4%B8%AD%E5%8D%AB%E5%B8%82&choose=2&days=7 HTTP/1.1" 200 1247
INFO 2026-01-26 19:10:56,847 basehttp 37228 135221574874688 "GET /crop/cropClass/ HTTP/1.1" 200 443
INFO 2026-01-26 19:10:56,889 basehttp 37228 135221601101376 "GET //crop/plantArea/?crop=%E6%9E%B8%E6%9D%9E HTTP/1.1" 200 351
INFO 2026-01-26 19:10:56,916 basehttp 37228 135221574874688 "GET /crop/growth/?crop=%E6%9E%B8%E6%9D%9E HTTP/1.1" 200 1667
INFO 2026-01-26 19:10:56,937 basehttp 37228 135221566481984 "GET /forecast/meteorological-data/?use_future=false HTTP/1.1" 200 3590
INFO 2026-01-26 19:10:57,278 basehttp 37228 135221609494080 "GET //meteorology/?address=%E9%93%B6%E5%B7%9D%E5%B8%82&choose=1 HTTP/1.1" 200 157
INFO 2026-01-26 19:10:57,435 basehttp 37228 135221583267392 "GET //meteorology/?address=%E9%93%B6%E5%B7%9D%E5%B8%82&choose=2&days=7 HTTP/1.1" 200 1241
INFO 2026-01-26 19:10:58,757 views 37228 135221591660096 获取到用户IP: 118.254.122.203
INFO 2026-01-26 19:10:59,006 basehttp 37228 135221591660096 "GET //user/user-location/ HTTP/1.1" 200 402
INFO 2026-01-26 19:10:59,074 basehttp 37228 135221601101376 "GET //meteorology/?address=%E9%93%B6%E5%B7%9D,%E7%9F%B3%E5%98%B4%E5%B1%B1,%E5%9B%BA%E5%8E%9F,%E5%90%B4%E5%BF%A0,%E4%B8%AD%E5%8D%AB&choose=4 HTTP/1.1" 200 76
INFO 2026-01-26 19:10:59,514 basehttp 37228 135221591660096 "GET //meteorology/?address=%E4%B8%AD%E5%8D%AB%E5%B8%82&choose=1 HTTP/1.1" 200 154
INFO 2026-01-26 19:10:59,733 basehttp 37228 135221583267392 "GET //meteorology/?address=%E4%B8%AD%E5%8D%AB%E5%B8%82&choose=2&days=7 HTTP/1.1" 200 1247
INFO 2026-01-26 19:13:13,714 basehttp 37228 135221583267392 "GET //user/captcha/?username=daixing HTTP/1.1" 200 140
INFO 2026-01-26 19:13:21,143 basehttp 37228 135221583267392 "OPTIONS //user/captcha/ HTTP/1.1" 200 0
INFO 2026-01-26 19:13:21,154 basehttp 37228 135221583267392 "POST //user/captcha/ HTTP/1.1" 200 17
INFO 2026-01-26 19:13:21,204 basehttp 37228 135221583267392 "OPTIONS //user/login/token/ HTTP/1.1" 200 0
INFO 2026-01-26 19:13:22,153 basehttp 37228 135221583267392 "POST //user/login/token/ HTTP/1.1" 200 669
INFO 2026-01-26 19:13:24,271 basehttp 37228 135221583267392 "OPTIONS /user/self/ HTTP/1.1" 200 0
INFO 2026-01-26 19:13:24,301 basehttp 37228 135221574874688 "GET /crop/cropClass/ HTTP/1.1" 200 443
INFO 2026-01-26 19:13:24,360 basehttp 37228 135221609494080 "GET //crop/plantArea/?crop=%E6%9E%B8%E6%9D%9E HTTP/1.1" 200 351
INFO 2026-01-26 19:13:24,367 basehttp 37228 135221574874688 "GET /crop/growth/?crop=%E6%9E%B8%E6%9D%9E HTTP/1.1" 200 1667
INFO 2026-01-26 19:13:24,375 basehttp 37228 135221583267392 "GET /user/self/ HTTP/1.1" 200 263
INFO 2026-01-26 19:13:24,439 basehttp 37228 135221566481984 "GET /forecast/meteorological-data/?use_future=false HTTP/1.1" 200 3590
INFO 2026-01-26 19:13:24,730 basehttp 37228 135221591660096 "GET //meteorology/?address=%E4%B8%AD%E5%8D%AB%E5%B8%82&choose=1 HTTP/1.1" 200 154
INFO 2026-01-26 19:13:24,920 basehttp 37228 135221601101376 "GET //meteorology/?address=%E4%B8%AD%E5%8D%AB%E5%B8%82&choose=2&days=7 HTTP/1.1" 200 1247
INFO 2026-01-26 19:13:26,533 basehttp 37228 135221609494080 "GET //meteorology/?address=%E9%93%B6%E5%B7%9D,%E7%9F%B3%E5%98%B4%E5%B1%B1,%E5%9B%BA%E5%8E%9F,%E5%90%B4%E5%BF%A0,%E4%B8%AD%E5%8D%AB&choose=4 HTTP/1.1" 200 76
INFO 2026-01-26 19:13:29,621 basehttp 37228 135221601101376 "GET /user/areas/hierarchy/ HTTP/1.1" 200 959
INFO 2026-01-26 19:13:29,625 basehttp 37228 135221609494080 "GET /user/self/ HTTP/1.1" 200 263
INFO 2026-01-26 19:13:29,697 basehttp 37228 135221609494080 "GET /crop/cropClass/ HTTP/1.1" 200 443
INFO 2026-01-26 19:13:32,102 basehttp 37228 135221566481984 "GET /crop/cropClass/ HTTP/1.1" 200 443
INFO 2026-01-26 19:13:32,116 basehttp 37228 135221574874688 "GET /crop/growth/?crop=%E5%86%AC%E5%B0%8F%E9%BA%A6 HTTP/1.1" 200 1306
INFO 2026-01-26 19:13:32,131 basehttp 37228 135221591660096 "GET //crop/plantArea/?crop=%E5%86%AC%E5%B0%8F%E9%BA%A6 HTTP/1.1" 200 530
INFO 2026-01-26 19:13:32,169 basehttp 37228 135221583267392 "GET /forecast/meteorological-data/?use_future=false HTTP/1.1" 200 3590
INFO 2026-01-26 19:13:32,477 basehttp 37228 135221609494080 "GET //meteorology/?address=%E4%B8%AD%E5%8D%AB%E5%B8%82&choose=1 HTTP/1.1" 200 154
INFO 2026-01-26 19:13:32,693 basehttp 37228 135221601101376 "GET //meteorology/?address=%E4%B8%AD%E5%8D%AB%E5%B8%82&choose=2&days=7 HTTP/1.1" 200 1247
INFO 2026-01-26 19:13:34,162 basehttp 37228 135221566481984 "GET //meteorology/?address=%E9%93%B6%E5%B7%9D,%E7%9F%B3%E5%98%B4%E5%B1%B1,%E5%9B%BA%E5%8E%9F,%E5%90%B4%E5%BF%A0,%E4%B8%AD%E5%8D%AB&choose=4 HTTP/1.1" 200 76
INFO 2026-01-26 19:13:36,614 basehttp 37228 135221601101376 "GET /user/areas/hierarchy/ HTTP/1.1" 200 959
INFO 2026-01-26 19:13:36,624 basehttp 37228 135221566481984 "GET /user/self/ HTTP/1.1" 200 263
INFO 2026-01-26 19:13:36,652 basehttp 37228 135221566481984 "GET /crop/cropClass/ HTTP/1.1" 200 443
INFO 2026-01-26 20:30:47,415 basehttp 37228 135221566481984 "GET /user/areas/hierarchy/ HTTP/1.1" 200 959
INFO 2026-01-26 20:30:47,590 basehttp 37228 135221583267392 "GET /user/self/ HTTP/1.1" 200 263
INFO 2026-01-26 20:30:47,834 basehttp 37228 135221583267392 "GET /user/self/ HTTP/1.1" 200 263
INFO 2026-01-26 20:30:48,004 basehttp 37228 135221583267392 "GET /crop/cropClass/ HTTP/1.1" 200 443
INFO 2026-01-26 20:31:57,816 basehttp 37228 135221583267392 "GET /user/self/ HTTP/1.1" 200 263
INFO 2026-01-26 20:31:57,835 basehttp 37228 135221566481984 "GET /user/areas/hierarchy/ HTTP/1.1" 200 959
INFO 2026-01-26 20:31:57,870 basehttp 37228 135221583267392 "GET /user/self/ HTTP/1.1" 200 263
INFO 2026-01-26 20:31:58,091 basehttp 37228 135221583267392 "GET /crop/cropClass/ HTTP/1.1" 200 443
INFO 2026-01-26 20:32:01,520 basehttp 37228 135221566481984 "GET /user/areas/hierarchy/ HTTP/1.1" 200 959
INFO 2026-01-26 20:32:01,527 basehttp 37228 135221583267392 "GET /user/self/ HTTP/1.1" 200 263
INFO 2026-01-26 20:32:01,602 basehttp 37228 135221583267392 "GET /crop/cropClass/ HTTP/1.1" 200 443
INFO 2026-01-26 20:32:38,217 basehttp 37228 135221583267392 "GET /user/self/ HTTP/1.1" 200 263
INFO 2026-01-26 20:32:38,240 basehttp 37228 135221566481984 "GET /user/areas/hierarchy/ HTTP/1.1" 200 959
INFO 2026-01-26 20:32:38,260 basehttp 37228 135221583267392 "GET /user/self/ HTTP/1.1" 200 263
INFO 2026-01-26 20:32:38,493 basehttp 37228 135221583267392 "GET /crop/cropClass/ HTTP/1.1" 200 443
INFO 2026-01-26 20:34:14,903 basehttp 37228 135221609494080 "GET /crop/cropClass/ HTTP/1.1" 200 443
INFO 2026-01-26 20:34:14,965 basehttp 37228 135221574874688 "GET /crop/growth/?crop=%E5%86%AC%E5%B0%8F%E9%BA%A6 HTTP/1.1" 200 1306
INFO 2026-01-26 20:34:14,999 basehttp 37228 135221591660096 "GET //crop/plantArea/?crop=%E5%86%AC%E5%B0%8F%E9%BA%A6 HTTP/1.1" 200 530
INFO 2026-01-26 20:34:15,569 basehttp 37228 135221583267392 "GET //meteorology/?address=%E4%B8%AD%E5%8D%AB%E5%B8%82&choose=1 HTTP/1.1" 200 155
INFO 2026-01-26 20:34:15,720 basehttp 37228 135221566481984 "GET //meteorology/?address=%E4%B8%AD%E5%8D%AB%E5%B8%82&choose=2&days=7 HTTP/1.1" 200 1247
INFO 2026-01-26 20:34:15,864 basehttp 37228 135221601101376 "GET /forecast/meteorological-data/?use_future=false HTTP/1.1" 200 3590
INFO 2026-01-26 20:34:17,293 basehttp 37228 135221609494080 "GET //meteorology/?address=%E9%93%B6%E5%B7%9D,%E7%9F%B3%E5%98%B4%E5%B1%B1,%E5%9B%BA%E5%8E%9F,%E5%90%B4%E5%BF%A0,%E4%B8%AD%E5%8D%AB&choose=4 HTTP/1.1" 200 76
INFO 2026-01-26 20:34:18,229 basehttp 37228 135221609494080 "GET /user/self/ HTTP/1.1" 200 263
INFO 2026-01-26 20:34:18,241 basehttp 37228 135221601101376 "GET /user/areas/hierarchy/ HTTP/1.1" 200 959
INFO 2026-01-26 20:34:18,290 basehttp 37228 135221601101376 "GET /crop/cropClass/ HTTP/1.1" 200 443
INFO 2026-01-26 20:34:21,235 basehttp 37228 135221583267392 "GET /crop/cropClass/ HTTP/1.1" 200 443
INFO 2026-01-26 20:34:21,258 basehttp 37228 135221574874688 "GET /crop/growth/?crop=%E5%86%AC%E5%B0%8F%E9%BA%A6 HTTP/1.1" 200 1306
INFO 2026-01-26 20:34:21,263 basehttp 37228 135221566481984 "GET //crop/plantArea/?crop=%E5%86%AC%E5%B0%8F%E9%BA%A6 HTTP/1.1" 200 530
INFO 2026-01-26 20:34:21,305 basehttp 37228 135221591660096 "GET /forecast/meteorological-data/?use_future=false HTTP/1.1" 200 3590
INFO 2026-01-26 20:34:21,604 basehttp 37228 135221601101376 "GET //meteorology/?address=%E4%B8%AD%E5%8D%AB%E5%B8%82&choose=1 HTTP/1.1" 200 155
INFO 2026-01-26 20:34:21,852 basehttp 37228 135221609494080 "GET //meteorology/?address=%E4%B8%AD%E5%8D%AB%E5%B8%82&choose=2&days=7 HTTP/1.1" 200 1247
INFO 2026-01-26 20:34:26,142 basehttp 37228 135221609494080 "GET /user/self/ HTTP/1.1" 200 263
INFO 2026-01-26 20:34:26,155 basehttp 37228 135221574874688 "GET /crop/cropClass/ HTTP/1.1" 200 443
INFO 2026-01-26 20:34:26,284 basehttp 37228 135221566481984 "GET //crop/plantArea/?crop=%E6%9E%B8%E6%9D%9E HTTP/1.1" 200 351
INFO 2026-01-26 20:34:26,291 basehttp 37228 135221609494080 "GET /crop/growth/?crop=%E6%9E%B8%E6%9D%9E HTTP/1.1" 200 1667
INFO 2026-01-26 20:34:26,552 basehttp 37228 135221583267392 "GET /forecast/meteorological-data/?use_future=false HTTP/1.1" 200 3590
INFO 2026-01-26 20:34:26,658 basehttp 37228 135221601101376 "GET //meteorology/?address=%E9%93%B6%E5%B7%9D%E5%B8%82&choose=1 HTTP/1.1" 200 155
INFO 2026-01-26 20:34:26,763 basehttp 37228 135221591660096 "GET //meteorology/?address=%E9%93%B6%E5%B7%9D%E5%B8%82&choose=2&days=7 HTTP/1.1" 200 1241
INFO 2026-01-26 20:34:27,167 basehttp 37228 135221601101376 "GET //meteorology/?address=%E4%B8%AD%E5%8D%AB%E5%B8%82&choose=1 HTTP/1.1" 200 155
INFO 2026-01-26 20:34:27,343 basehttp 37228 135221583267392 "GET //meteorology/?address=%E4%B8%AD%E5%8D%AB%E5%B8%82&choose=2&days=7 HTTP/1.1" 200 1247
INFO 2026-01-26 20:34:28,424 basehttp 37228 135221574874688 "GET //meteorology/?address=%E9%93%B6%E5%B7%9D,%E7%9F%B3%E5%98%B4%E5%B1%B1,%E5%9B%BA%E5%8E%9F,%E5%90%B4%E5%BF%A0,%E4%B8%AD%E5%8D%AB&choose=4 HTTP/1.1" 200 76
INFO 2026-01-26 20:34:44,917 basehttp 37228 135221574874688 "GET //user/captcha/?username=daixing HTTP/1.1" 200 140
INFO 2026-01-26 20:34:51,675 basehttp 37228 135221574874688 "POST //user/captcha/ HTTP/1.1" 200 17
INFO 2026-01-26 20:34:52,582 basehttp 37228 135221574874688 "POST //user/login/token/ HTTP/1.1" 200 669
INFO 2026-01-26 20:34:54,100 basehttp 37228 135221609494080 "GET /crop/cropClass/ HTTP/1.1" 200 443
INFO 2026-01-26 20:34:54,116 basehttp 37228 135221591660096 "GET //crop/plantArea/?crop=%E6%9E%B8%E6%9D%9E HTTP/1.1" 200 351
INFO 2026-01-26 20:34:54,130 basehttp 37228 135221574874688 "GET /user/self/ HTTP/1.1" 200 263
INFO 2026-01-26 20:34:54,140 basehttp 37228 135221609494080 "GET /crop/growth/?crop=%E6%9E%B8%E6%9D%9E HTTP/1.1" 200 1667
INFO 2026-01-26 20:34:54,319 basehttp 37228 135221566481984 "GET /forecast/meteorological-data/?use_future=false HTTP/1.1" 200 3590
INFO 2026-01-26 20:34:54,435 basehttp 37228 135221583267392 "GET //meteorology/?address=%E4%B8%AD%E5%8D%AB%E5%B8%82&choose=1 HTTP/1.1" 200 155
INFO 2026-01-26 20:34:54,668 basehttp 37228 135221601101376 "GET //meteorology/?address=%E4%B8%AD%E5%8D%AB%E5%B8%82&choose=2&days=7 HTTP/1.1" 200 1247
INFO 2026-01-26 20:34:55,812 basehttp 37228 135221583267392 "GET /user/areas/hierarchy/ HTTP/1.1" 200 959
INFO 2026-01-26 20:34:55,814 basehttp 37228 135221601101376 "GET /user/self/ HTTP/1.1" 200 263
INFO 2026-01-26 20:34:55,861 basehttp 37228 135221601101376 "GET /crop/cropClass/ HTTP/1.1" 200 443
INFO 2026-01-26 20:34:56,207 basehttp 37228 135221591660096 "GET //meteorology/?address=%E9%93%B6%E5%B7%9D,%E7%9F%B3%E5%98%B4%E5%B1%B1,%E5%9B%BA%E5%8E%9F,%E5%90%B4%E5%BF%A0,%E4%B8%AD%E5%8D%AB&choose=4 HTTP/1.1" 200 76
INFO 2026-01-26 20:35:07,114 basehttp 37228 135221591660096 "POST /user/self/ HTTP/1.1" 200 38
INFO 2026-01-26 20:35:07,143 basehttp 37228 135221591660096 "GET /user/self/ HTTP/1.1" 200 263
INFO 2026-01-26 20:35:07,201 basehttp 37228 135221591660096 "GET /crop/cropClass/ HTTP/1.1" 200 443
INFO 2026-01-26 20:35:07,914 basehttp 37228 135221591660096 "POST /user/self/ HTTP/1.1" 200 38
INFO 2026-01-26 20:35:07,943 basehttp 37228 135221591660096 "GET /user/self/ HTTP/1.1" 200 263
INFO 2026-01-26 20:35:08,012 basehttp 37228 135221591660096 "GET /crop/cropClass/ HTTP/1.1" 200 443
INFO 2026-01-26 20:55:10,331 autoreload 4998 138774236193856 Watching for file changes with StatReloader
INFO 2026-01-26 20:56:54,839 basehttp 4998 138770249676352 "GET /admin/ HTTP/1.1" 200 24261
INFO 2026-01-26 20:56:54,984 basehttp 4998 138770231842368 "OPTIONS /user/self/ HTTP/1.1" 200 0
INFO 2026-01-26 20:56:55,763 basehttp 4998 138770249676352 "GET /admin/forecast/disasterparameter/ HTTP/1.1" 200 28289
INFO 2026-01-26 20:57:05,165 basehttp 4998 138770222401088 "GET /crop/cropClass/ HTTP/1.1" 200 443
INFO 2026-01-26 20:57:05,206 basehttp 4998 138770205615680 "GET /crop/growth/?crop=%E6%98%A5%E5%B0%8F%E9%BA%A6 HTTP/1.1" 200 1050
INFO 2026-01-26 20:57:05,285 basehttp 4998 138770241283648 "GET //crop/plantArea/?crop=%E6%98%A5%E5%B0%8F%E9%BA%A6 HTTP/1.1" 200 532
INFO 2026-01-26 20:57:05,351 basehttp 4998 138770214008384 "GET /forecast/meteorological-data/?use_future=false HTTP/1.1" 200 3590
INFO 2026-01-26 20:57:06,993 basehttp 4998 138770249676352 "GET //meteorology/?address=%E7%9F%B3%E5%98%B4%E5%B1%B1%E5%B8%82&choose=1 HTTP/1.1" 200 159
INFO 2026-01-26 20:57:07,786 basehttp 4998 138770231842368 "GET //meteorology/?address=%E7%9F%B3%E5%98%B4%E5%B1%B1%E5%B8%82&choose=2&days=7 HTTP/1.1" 200 1270
INFO 2026-01-26 20:57:09,866 basehttp 4998 138770222401088 "GET //meteorology/?address=%E9%93%B6%E5%B7%9D,%E7%9F%B3%E5%98%B4%E5%B1%B1,%E5%9B%BA%E5%8E%9F,%E5%90%B4%E5%BF%A0,%E4%B8%AD%E5%8D%AB&choose=4 HTTP/1.1" 200 76
INFO 2026-01-29 21:24:26,814 autoreload 10626 123136582370368 Watching for file changes with StatReloader
INFO 2026-01-29 21:24:46,466 basehttp 10626 123132596713024 "GET /admin/ HTTP/1.1" 200 24261
INFO 2026-01-29 21:24:47,171 basehttp 10626 123132596713024 "GET /admin/forecast/disasterparameter/ HTTP/1.1" 200 28289
INFO 2026-01-29 21:24:49,596 basehttp 10626 123132576781888 "OPTIONS /user/self/ HTTP/1.1" 200 0
WARNING 2026-01-29 21:25:04,599 log 10626 123132576781888 Unauthorized: /user/self/
WARNING 2026-01-29 21:25:04,600 basehttp 10626 123132576781888 "GET /user/self/ HTTP/1.1" 401 171
INFO 2026-01-29 21:25:04,663 basehttp 10626 123132568389184 "GET /user/areas/hierarchy/ HTTP/1.1" 200 959
WARNING 2026-01-29 21:25:08,292 log 10626 123132568389184 Unauthorized: /user/self/
WARNING 2026-01-29 21:25:08,293 basehttp 10626 123132568389184 "GET /user/self/ HTTP/1.1" 401 171
WARNING 2026-01-29 21:25:08,319 log 10626 123132568389184 Unauthorized: /user/self/
WARNING 2026-01-29 21:25:08,319 basehttp 10626 123132568389184 "GET /user/self/ HTTP/1.1" 401 171
WARNING 2026-01-29 21:28:31,622 log 10626 123132568389184 Unauthorized: /user/self/
WARNING 2026-01-29 21:28:31,624 basehttp 10626 123132568389184 "GET /user/self/ HTTP/1.1" 401 171
INFO 2026-01-29 21:28:31,751 basehttp 10626 123132588320320 "GET //crop/plantArea/?crop=%E6%9E%B8%E6%9D%9E HTTP/1.1" 200 351
INFO 2026-01-29 21:28:31,765 basehttp 10626 123132333512256 "GET /crop/growth/?crop=%E6%9E%B8%E6%9D%9E HTTP/1.1" 200 1667
INFO 2026-01-29 21:28:31,768 basehttp 10626 123132350297664 "GET /crop/cropClass/ HTTP/1.1" 200 443
INFO 2026-01-29 21:28:31,918 basehttp 10626 123132341904960 "GET /forecast/meteorological-data/?use_future=false HTTP/1.1" 200 3589
INFO 2026-01-29 21:28:32,342 basehttp 10626 123132568389184 "GET //meteorology/?address=%E9%93%B6%E5%B7%9D%E5%B8%82&choose=1 HTTP/1.1" 200 158
INFO 2026-01-29 21:28:32,571 basehttp 10626 123132576781888 "GET //meteorology/?address=%E9%93%B6%E5%B7%9D%E5%B8%82&choose=2&days=7 HTTP/1.1" 200 1241
INFO 2026-01-29 21:28:34,326 basehttp 10626 123132588320320 "GET //meteorology/?address=%E9%93%B6%E5%B7%9D,%E7%9F%B3%E5%98%B4%E5%B1%B1,%E5%9B%BA%E5%8E%9F,%E5%90%B4%E5%BF%A0,%E4%B8%AD%E5%8D%AB&choose=4 HTTP/1.1" 200 11777
WARNING 2026-01-29 21:28:46,691 log 10626 123132588320320 Unauthorized: /user/self/
WARNING 2026-01-29 21:28:46,694 basehttp 10626 123132588320320 "GET /user/self/ HTTP/1.1" 401 171
INFO 2026-01-29 21:28:46,718 basehttp 10626 123132576781888 "GET /user/areas/hierarchy/ HTTP/1.1" 200 959
WARNING 2026-01-29 21:29:32,046 log 10626 123132576781888 Unauthorized: /user/self/
WARNING 2026-01-29 21:29:32,047 basehttp 10626 123132576781888 "GET /user/self/ HTTP/1.1" 401 171
WARNING 2026-01-29 21:29:32,073 log 10626 123132576781888 Unauthorized: /user/self/
WARNING 2026-01-29 21:29:32,075 basehttp 10626 123132576781888 "GET /user/self/ HTTP/1.1" 401 171
INFO 2026-01-29 21:29:32,091 basehttp 10626 123132588320320 "GET /user/areas/hierarchy/ HTTP/1.1" 200 959
WARNING 2026-01-29 21:29:41,253 log 10626 123132576781888 Unauthorized: /user/self/
WARNING 2026-01-29 21:29:41,254 basehttp 10626 123132576781888 "GET /user/self/ HTTP/1.1" 401 171
INFO 2026-01-29 21:29:41,366 basehttp 10626 123132333512256 "GET /crop/growth/?crop=%E6%9E%B8%E6%9D%9E HTTP/1.1" 200 1667
INFO 2026-01-29 21:29:41,378 basehttp 10626 123132568389184 "GET //crop/plantArea/?crop=%E6%9E%B8%E6%9D%9E HTTP/1.1" 200 351
INFO 2026-01-29 21:29:41,382 basehttp 10626 123132341904960 "GET /crop/cropClass/ HTTP/1.1" 200 443
INFO 2026-01-29 21:29:41,468 basehttp 10626 123132350297664 "GET /forecast/meteorological-data/?use_future=false HTTP/1.1" 200 3589
INFO 2026-01-29 21:29:41,770 basehttp 10626 123132576781888 "GET //meteorology/?address=%E9%93%B6%E5%B7%9D%E5%B8%82&choose=1 HTTP/1.1" 200 158
INFO 2026-01-29 21:29:42,007 basehttp 10626 123132588320320 "GET //meteorology/?address=%E9%93%B6%E5%B7%9D%E5%B8%82&choose=2&days=7 HTTP/1.1" 200 1241
INFO 2026-01-29 21:29:43,818 basehttp 10626 123132333512256 "GET //meteorology/?address=%E9%93%B6%E5%B7%9D,%E7%9F%B3%E5%98%B4%E5%B1%B1,%E5%9B%BA%E5%8E%9F,%E5%90%B4%E5%BF%A0,%E4%B8%AD%E5%8D%AB&choose=4 HTTP/1.1" 200 11777
INFO 2026-01-29 21:29:59,012 basehttp 10626 123132333512256 "GET //user/captcha/?username=daixing HTTP/1.1" 200 140
INFO 2026-01-29 21:30:04,136 basehttp 10626 123132333512256 "OPTIONS //user/captcha/ HTTP/1.1" 200 0
INFO 2026-01-29 21:30:04,143 basehttp 10626 123132333512256 "POST //user/captcha/ HTTP/1.1" 200 17
INFO 2026-01-29 21:30:04,193 basehttp 10626 123132333512256 "OPTIONS //user/login/token/ HTTP/1.1" 200 0
INFO 2026-01-29 21:30:05,136 basehttp 10626 123132333512256 "POST //user/login/token/ HTTP/1.1" 200 669
INFO 2026-01-29 21:30:08,026 basehttp 10626 123132333512256 "GET /user/self/ HTTP/1.1" 200 263
INFO 2026-01-29 21:30:08,026 basehttp 10626 123132588320320 "GET /user/areas/hierarchy/ HTTP/1.1" 200 959
INFO 2026-01-29 21:30:08,056 basehttp 10626 123132588320320 "GET /user/self/ HTTP/1.1" 200 263
INFO 2026-01-29 21:30:08,123 basehttp 10626 123132588320320 "GET /crop/cropClass/ HTTP/1.1" 200 443
INFO 2026-01-29 21:30:10,667 basehttp 10626 123132350297664 "GET /crop/cropClass/ HTTP/1.1" 200 443
INFO 2026-01-29 21:30:10,670 basehttp 10626 123132568389184 "GET /crop/growth/?crop=%E6%98%A5%E5%B0%8F%E9%BA%A6 HTTP/1.1" 200 1050
INFO 2026-01-29 21:30:10,695 basehttp 10626 123132576781888 "GET //crop/plantArea/?crop=%E6%98%A5%E5%B0%8F%E9%BA%A6 HTTP/1.1" 200 532
INFO 2026-01-29 21:30:10,731 basehttp 10626 123132341904960 "GET /forecast/meteorological-data/?use_future=false HTTP/1.1" 200 3589
INFO 2026-01-29 21:30:11,114 basehttp 10626 123132588320320 "GET //meteorology/?address=%E7%9F%B3%E5%98%B4%E5%B1%B1%E5%B8%82&choose=1 HTTP/1.1" 200 158
INFO 2026-01-29 21:30:11,342 basehttp 10626 123132333512256 "GET //meteorology/?address=%E7%9F%B3%E5%98%B4%E5%B1%B1%E5%B8%82&choose=2&days=7 HTTP/1.1" 200 1270
INFO 2026-01-29 21:30:12,933 basehttp 10626 123132350297664 "GET //meteorology/?address=%E9%93%B6%E5%B7%9D,%E7%9F%B3%E5%98%B4%E5%B1%B1,%E5%9B%BA%E5%8E%9F,%E5%90%B4%E5%BF%A0,%E4%B8%AD%E5%8D%AB&choose=4 HTTP/1.1" 200 11777
INFO 2026-01-29 21:30:13,546 basehttp 10626 123132350297664 "GET /user/self/ HTTP/1.1" 200 263
INFO 2026-01-29 21:30:13,549 basehttp 10626 123132333512256 "GET /user/areas/hierarchy/ HTTP/1.1" 200 959
INFO 2026-01-29 21:30:13,576 basehttp 10626 123132333512256 "GET /crop/cropClass/ HTTP/1.1" 200 443
INFO 2026-01-29 21:30:21,744 basehttp 10626 123132333512256 "POST /user/self/ HTTP/1.1" 200 38
INFO 2026-01-29 21:30:21,773 basehttp 10626 123132333512256 "GET /user/self/ HTTP/1.1" 200 261
INFO 2026-01-29 21:30:21,833 basehttp 10626 123132333512256 "GET /crop/cropClass/ HTTP/1.1" 200 443
INFO 2026-01-29 21:30:23,991 basehttp 10626 123132341904960 "GET /crop/cropClass/ HTTP/1.1" 200 443
INFO 2026-01-29 21:30:24,001 basehttp 10626 123132568389184 "GET /crop/growth/?crop=%E6%98%A5%E5%B0%8F%E9%BA%A6 HTTP/1.1" 200 1050
INFO 2026-01-29 21:30:24,032 basehttp 10626 123132588320320 "GET //crop/plantArea/?crop=%E6%98%A5%E5%B0%8F%E9%BA%A6 HTTP/1.1" 200 532
INFO 2026-01-29 21:30:24,065 basehttp 10626 123132576781888 "GET /forecast/meteorological-data/?use_future=false HTTP/1.1" 200 3589
INFO 2026-01-29 21:30:24,402 basehttp 10626 123132333512256 "GET //meteorology/?address=%E9%93%B6%E5%B7%9D%E5%B8%82&choose=1 HTTP/1.1" 200 158
INFO 2026-01-29 21:30:24,656 basehttp 10626 123132350297664 "GET //meteorology/?address=%E9%93%B6%E5%B7%9D%E5%B8%82&choose=2&days=7 HTTP/1.1" 200 1241
INFO 2026-01-29 21:30:26,237 basehttp 10626 123132341904960 "GET //meteorology/?address=%E9%93%B6%E5%B7%9D,%E7%9F%B3%E5%98%B4%E5%B1%B1,%E5%9B%BA%E5%8E%9F,%E5%90%B4%E5%BF%A0,%E4%B8%AD%E5%8D%AB&choose=4 HTTP/1.1" 200 11777
INFO 2026-01-29 21:30:31,237 basehttp 10626 123132588320320 "GET /crop/cropClass/ HTTP/1.1" 200 443
INFO 2026-01-29 21:30:31,238 basehttp 10626 123132576781888 "GET //crop/plantArea/?crop=%E6%9E%B8%E6%9D%9E HTTP/1.1" 200 351
INFO 2026-01-29 21:30:31,293 basehttp 10626 123132576781888 "GET /crop/growth/?crop=%E6%9E%B8%E6%9D%9E HTTP/1.1" 200 1667
INFO 2026-01-29 21:30:31,312 basehttp 10626 123132568389184 "GET /forecast/meteorological-data/?use_future=false HTTP/1.1" 200 3589
INFO 2026-01-29 21:30:31,637 basehttp 10626 123132350297664 "GET //meteorology/?address=%E9%93%B6%E5%B7%9D%E5%B8%82&choose=1 HTTP/1.1" 200 158
INFO 2026-01-29 21:30:31,870 basehttp 10626 123132333512256 "GET //meteorology/?address=%E9%93%B6%E5%B7%9D%E5%B8%82&choose=2&days=7 HTTP/1.1" 200 1241
INFO 2026-01-29 21:30:33,509 basehttp 10626 123132588320320 "GET //meteorology/?address=%E9%93%B6%E5%B7%9D,%E7%9F%B3%E5%98%B4%E5%B1%B1,%E5%9B%BA%E5%8E%9F,%E5%90%B4%E5%BF%A0,%E4%B8%AD%E5%8D%AB&choose=4 HTTP/1.1" 200 11777
INFO 2026-01-29 21:30:33,537 views 10626 123132341904960 获取到用户IP: 118.254.100.66
INFO 2026-01-29 21:30:33,689 basehttp 10626 123132341904960 "GET //user/user-location/ HTTP/1.1" 200 104
INFO 2026-01-29 21:30:34,105 basehttp 10626 123132341904960 "GET //meteorology/?address=%E4%B8%AD%E5%8D%AB%E5%B8%82&choose=1 HTTP/1.1" 200 158
INFO 2026-01-29 21:30:34,374 basehttp 10626 123132588320320 "GET //meteorology/?address=%E4%B8%AD%E5%8D%AB%E5%B8%82&choose=2&days=7 HTTP/1.1" 200 1244
INFO 2026-01-29 21:39:37,879 basehttp 10626 123132350297664 "GET /crop/cropClass/ HTTP/1.1" 200 443
INFO 2026-01-29 21:39:37,913 basehttp 10626 123132333512256 "GET //crop/plantArea/?crop=%E6%9E%B8%E6%9D%9E HTTP/1.1" 200 351
INFO 2026-01-29 21:39:37,914 basehttp 10626 123132576781888 "GET /crop/growth/?crop=%E6%9E%B8%E6%9D%9E HTTP/1.1" 200 1667
INFO 2026-01-29 21:39:37,972 basehttp 10626 123132596713024 "GET /forecast/meteorological-data/?use_future=false HTTP/1.1" 200 3589
INFO 2026-01-29 21:39:38,298 basehttp 10626 123132588320320 "GET //meteorology/?address=%E9%93%B6%E5%B7%9D%E5%B8%82&choose=1 HTTP/1.1" 200 158
INFO 2026-01-29 21:39:38,519 basehttp 10626 123132341904960 "GET //meteorology/?address=%E9%93%B6%E5%B7%9D%E5%B8%82&choose=2&days=7 HTTP/1.1" 200 1241
INFO 2026-01-29 21:39:40,343 basehttp 10626 123132350297664 "GET //meteorology/?address=%E9%93%B6%E5%B7%9D,%E7%9F%B3%E5%98%B4%E5%B1%B1,%E5%9B%BA%E5%8E%9F,%E5%90%B4%E5%BF%A0,%E4%B8%AD%E5%8D%AB&choose=4 HTTP/1.1" 200 11777
WARNING 2026-01-29 21:39:57,505 log 10626 123132350297664 Not Found: /user/mobile//
WARNING 2026-01-29 21:39:57,506 basehttp 10626 123132350297664 "GET //user/mobile// HTTP/1.1" 404 6739
WARNING 2026-01-29 21:40:14,743 log 10626 123132350297664 Bad Request: /user/captcha/
WARNING 2026-01-29 21:40:14,744 basehttp 10626 123132350297664 "GET //user/captcha/?username=15674458323 HTTP/1.1" 400 44
INFO 2026-01-29 21:40:23,447 basehttp 10626 123132350297664 "GET //user/captcha/?username=daixing HTTP/1.1" 200 140
INFO 2026-01-29 21:40:29,199 basehttp 10626 123132350297664 "POST //user/captcha/ HTTP/1.1" 200 17
INFO 2026-01-29 21:40:30,110 basehttp 10626 123132350297664 "POST //user/login/token/ HTTP/1.1" 200 669
INFO 2026-01-29 21:40:46,953 basehttp 10626 123132350297664 "GET /user/self/ HTTP/1.1" 200 261
INFO 2026-01-29 21:40:46,973 basehttp 10626 123132333512256 "GET /crop/cropClass/ HTTP/1.1" 200 443
INFO 2026-01-29 21:40:46,980 basehttp 10626 123132596713024 "GET //crop/plantArea/?crop=%E6%9E%B8%E6%9D%9E HTTP/1.1" 200 351
INFO 2026-01-29 21:40:47,015 basehttp 10626 123132350297664 "GET /crop/growth/?crop=%E6%9E%B8%E6%9D%9E HTTP/1.1" 200 1667
INFO 2026-01-29 21:40:47,038 basehttp 10626 123132576781888 "GET /forecast/meteorological-data/?use_future=false HTTP/1.1" 200 3589
INFO 2026-01-29 21:40:47,423 basehttp 10626 123132341904960 "GET //meteorology/?address=%E9%93%B6%E5%B7%9D%E5%B8%82&choose=1 HTTP/1.1" 200 158
INFO 2026-01-29 21:40:47,630 basehttp 10626 123132588320320 "GET //meteorology/?address=%E9%93%B6%E5%B7%9D%E5%B8%82&choose=2&days=7 HTTP/1.1" 200 1241
INFO 2026-01-29 21:40:49,288 basehttp 10626 123132341904960 "GET /user/areas/hierarchy/ HTTP/1.1" 200 959
INFO 2026-01-29 21:40:49,288 basehttp 10626 123132588320320 "GET /user/self/ HTTP/1.1" 200 261
INFO 2026-01-29 21:40:49,331 basehttp 10626 123132588320320 "GET /crop/cropClass/ HTTP/1.1" 200 443
INFO 2026-01-29 21:40:49,391 basehttp 10626 123132333512256 "GET //meteorology/?address=%E9%93%B6%E5%B7%9D,%E7%9F%B3%E5%98%B4%E5%B1%B1,%E5%9B%BA%E5%8E%9F,%E5%90%B4%E5%BF%A0,%E4%B8%AD%E5%8D%AB&choose=4 HTTP/1.1" 200 11777
INFO 2026-01-29 22:15:47,819 basehttp 10626 123132596713024 "GET /user/areas/hierarchy/ HTTP/1.1" 200 959
INFO 2026-01-29 22:15:47,911 basehttp 10626 123132341904960 "GET /user/self/ HTTP/1.1" 200 261
INFO 2026-01-29 22:15:47,971 basehttp 10626 123132341904960 "GET /user/self/ HTTP/1.1" 200 261
INFO 2026-01-29 22:15:48,057 basehttp 10626 123132341904960 "GET /crop/cropClass/ HTTP/1.1" 200 443
INFO 2026-01-29 22:19:00,585 basehttp 10626 123132341904960 "GET /user/self/ HTTP/1.1" 200 261
INFO 2026-01-29 22:19:00,596 basehttp 10626 123132596713024 "GET /user/areas/hierarchy/ HTTP/1.1" 200 959
INFO 2026-01-29 22:19:00,632 basehttp 10626 123132341904960 "GET /user/self/ HTTP/1.1" 200 261
INFO 2026-01-29 22:19:00,800 basehttp 10626 123132341904960 "GET /crop/cropClass/ HTTP/1.1" 200 443
INFO 2026-01-29 22:19:08,046 basehttp 10626 123132576781888 "GET /crop/cropClass/ HTTP/1.1" 200 443
INFO 2026-01-29 22:19:08,101 basehttp 10626 123132567340608 "GET /crop/growth/?crop=%E6%98%A5%E5%B0%8F%E9%BA%A6 HTTP/1.1" 200 1050
INFO 2026-01-29 22:19:08,120 basehttp 10626 123132333512256 "GET //crop/plantArea/?crop=%E6%98%A5%E5%B0%8F%E9%BA%A6 HTTP/1.1" 200 532
INFO 2026-01-29 22:19:08,571 basehttp 10626 123132341904960 "GET //meteorology/?address=%E9%93%B6%E5%B7%9D%E5%B8%82&choose=1 HTTP/1.1" 200 155
INFO 2026-01-29 22:19:08,712 basehttp 10626 123132588320320 "GET /forecast/meteorological-data/?use_future=false HTTP/1.1" 200 3589
INFO 2026-01-29 22:19:08,813 basehttp 10626 123132596713024 "GET //meteorology/?address=%E9%93%B6%E5%B7%9D%E5%B8%82&choose=2&days=7 HTTP/1.1" 200 1241
INFO 2026-01-29 22:19:10,595 basehttp 10626 123132576781888 "GET //meteorology/?address=%E9%93%B6%E5%B7%9D,%E7%9F%B3%E5%98%B4%E5%B1%B1,%E5%9B%BA%E5%8E%9F,%E5%90%B4%E5%BF%A0,%E4%B8%AD%E5%8D%AB&choose=4 HTTP/1.1" 200 11777
INFO 2026-01-29 22:20:49,666 basehttp 10626 123132350297664 "GET /admin/forecast/forecast/ HTTP/1.1" 200 6056
INFO 2026-01-29 22:28:11,657 autoreload 10626 123136582370368 /home/dx/Desktop/my_pr/myapi/myapi/apps/forecast/utils.py changed, reloading.
INFO 2026-01-29 22:28:29,399 autoreload 18118 133232204522560 Watching for file changes with StatReloader
INFO 2026-01-29 22:28:46,139 basehttp 18118 133228220380736 "GET /admin/ HTTP/1.1" 200 24261
INFO 2026-01-29 22:28:46,458 basehttp 18118 133228220380736 "GET /admin/forecast/forecast/ HTTP/1.1" 200 6056
INFO 2026-01-29 22:28:46,601 basehttp 18118 133228220380736 "GET /favicon.ico HTTP/1.1" 302 0
INFO 2026-01-29 22:28:48,397 basehttp 18118 133228220380736 "GET /admin/forecast/forecast/results/?_view_results=%E6%9F%A5%E7%9C%8B%E9%A2%84%E6%B5%8B%E7%BB%93%E6%9E%9C HTTP/1.1" 200 5623
INFO 2026-01-29 22:28:49,631 basehttp 18118 133228220380736 "GET /admin/forecast/forecast/ HTTP/1.1" 200 6056
INFO 2026-01-29 22:28:51,961 basehttp 18118 133228220380736 "POST /admin/forecast/forecast/trigger/ HTTP/1.1" 302 0
INFO 2026-01-29 22:28:51,995 basehttp 18118 133228220380736 "GET /admin/forecast/forecast/ HTTP/1.1" 200 6139
INFO 2026-01-29 22:28:53,509 basehttp 18118 133228220380736 "GET /admin/forecast/forecast/results/?_view_results=%E6%9F%A5%E7%9C%8B%E9%A2%84%E6%B5%8B%E7%BB%93%E6%9E%9C HTTP/1.1" 200 11191
INFO 2026-01-29 23:04:10,545 autoreload 18118 133232204522560 /home/dx/Desktop/my_pr/myapi/myapi/apps/forecast/admin.py changed, reloading.
INFO 2026-01-29 23:04:19,263 autoreload 20381 136999643857984 Watching for file changes with StatReloader
INFO 2026-01-29 23:04:34,014 autoreload 20381 136999643857984 /home/dx/Desktop/my_pr/myapi/myapi/apps/forecast/views.py changed, reloading.
INFO 2026-01-29 23:04:37,716 autoreload 20474 138354846921792 Watching for file changes with StatReloader
INFO 2026-01-29 23:06:31,575 autoreload 20785 137800059085888 Watching for file changes with StatReloader
INFO 2026-01-29 23:06:55,479 basehttp 20785 137796073289280 "GET /admin/forecast/disasterparameter/ HTTP/1.1" 200 28289
INFO 2026-01-29 23:06:55,568 basehttp 20785 137796073289280 "GET /admin/jsi18n/ HTTP/1.1" 200 9327
INFO 2026-01-29 23:06:57,050 basehttp 20785 137796073289280 "GET /admin/forecast/forecast/ HTTP/1.1" 200 10269
INFO 2026-01-29 23:07:09,090 basehttp 20785 137796073289280 "POST /admin/forecast/forecast/trigger/ HTTP/1.1" 302 0
INFO 2026-01-29 23:07:09,325 basehttp 20785 137796073289280 "GET /admin/forecast/forecast/ HTTP/1.1" 200 10506
INFO 2026-01-29 23:07:10,722 basehttp 20785 137796073289280 "GET /admin/forecast/forecast/results/?_view_results=%E6%9F%A5%E7%9C%8B%E9%A2%84%E6%B5%8B%E7%BB%93%E6%9E%9C HTTP/1.1" 200 11191
INFO 2026-01-29 23:07:23,321 basehttp 20785 137796073289280 "GET /admin/forecast/forecast/ HTTP/1.1" 200 10269
INFO 2026-01-29 23:07:29,391 basehttp 20785 137796073289280 "POST /admin/forecast/forecast/trigger/ HTTP/1.1" 302 0
INFO 2026-01-29 23:07:29,527 basehttp 20785 137796073289280 "GET /admin/forecast/forecast/ HTTP/1.1" 200 10514
INFO 2026-01-29 23:07:36,825 basehttp 20785 137796073289280 "POST /admin/forecast/forecast/trigger/ HTTP/1.1" 302 0
INFO 2026-01-29 23:07:36,908 basehttp 20785 137796073289280 "GET /admin/forecast/forecast/ HTTP/1.1" 200 10506
INFO 2026-01-29 23:07:55,825 basehttp 20785 137796073289280 "GET /admin/forecast/forecast/results/?_view_results=%E6%9F%A5%E7%9C%8B%E9%A2%84%E6%B5%8B%E7%BB%93%E6%9E%9C HTTP/1.1" 200 11191
INFO 2026-01-29 23:07:59,386 basehttp 20785 137796073289280 "GET /admin/forecast/forecast/ HTTP/1.1" 200 10269
INFO 2026-01-29 23:08:02,960 basehttp 20785 137796073289280 "POST /admin/forecast/forecast/trigger/ HTTP/1.1" 302 0
INFO 2026-01-29 23:08:03,085 basehttp 20785 137796073289280 "GET /admin/forecast/forecast/ HTTP/1.1" 200 10514
INFO 2026-01-29 23:08:10,228 basehttp 20785 137796073289280 "POST /admin/forecast/forecast/trigger/ HTTP/1.1" 302 0
INFO 2026-01-29 23:08:10,312 basehttp 20785 137796073289280 "GET /admin/forecast/forecast/ HTTP/1.1" 200 10506
INFO 2026-01-29 23:08:13,259 basehttp 20785 137796073289280 "GET /admin/ HTTP/1.1" 200 24261
INFO 2026-01-29 23:08:13,554 basehttp 20785 137796073289280 "GET /admin/forecast/forecast/ HTTP/1.1" 200 10269
INFO 2026-01-29 23:08:13,673 basehttp 20785 137796073289280 "GET /favicon.ico HTTP/1.1" 302 0
INFO 2026-01-29 23:08:16,751 basehttp 20785 137796073289280 "POST /admin/forecast/forecast/trigger/ HTTP/1.1" 302 0
INFO 2026-01-29 23:08:16,837 basehttp 20785 137796073289280 "GET /admin/forecast/forecast/ HTTP/1.1" 200 10514
INFO 2026-01-29 23:10:10,881 autoreload 21120 124570045776960 Watching for file changes with StatReloader
INFO 2026-01-29 23:10:17,920 basehttp 21120 124566061971008 "GET /admin/ HTTP/1.1" 200 24261
INFO 2026-01-29 23:10:18,106 basehttp 21120 124566061971008 "GET /favicon.ico HTTP/1.1" 302 0
INFO 2026-01-29 23:10:19,456 basehttp 21120 124566061971008 "GET /admin/forecast/forecast/ HTTP/1.1" 200 10269
INFO 2026-01-29 23:10:20,727 basehttp 21120 124566061971008 "GET /admin/forecast/forecast/results/?_view_results=%E6%9F%A5%E7%9C%8B%E9%A2%84%E6%B5%8B%E7%BB%93%E6%9E%9C HTTP/1.1" 200 11191
INFO 2026-01-29 23:10:24,693 basehttp 21120 124566061971008 "GET /admin/forecast/forecast/ HTTP/1.1" 200 10269
INFO 2026-01-29 23:10:27,695 basehttp 21120 124566061971008 "POST /admin/forecast/forecast/trigger/ HTTP/1.1" 302 0
INFO 2026-01-29 23:10:27,806 basehttp 21120 124566061971008 "GET /admin/forecast/forecast/ HTTP/1.1" 200 10514
